# JRE version: OpenJDK Runtime Environment (8.0_152-b01) (build 1.8.0_152-release-915-b01)
# Java VM: OpenJDK 64-Bit Server VM (25.152-b01 mixed mode windows-amd64 compressed oops)
Heap:
 PSYoungGen      total 427008K, used 38410K [0x00000000e0000000, 0x0000000100000000, 0x0000000100000000)
  eden space 326656K, 0% used [0x00000000e0000000,0x00000000e0000000,0x00000000f3f00000)
  from space 100352K, 38% used [0x00000000f9e00000,0x00000000fc382800,0x0000000100000000)
  to   space 97280K, 0% used [0x00000000f3f00000,0x00000000f3f00000,0x00000000f9e00000)
 ParOldGen       total 440320K, used 398103K [0x00000000a0000000, 0x00000000bae00000, 0x00000000e0000000)
  object space 440320K, 90% used [0x00000000a0000000,0x00000000b84c5e78,0x00000000bae00000)
 Metaspace       used 91039K, capacity 98654K, committed 98944K, reserved 1134592K
  class space    used 11372K, capacity 13143K, committed 13184K, reserved 1048576K
GC Heap History (10 events):
Event: 17554.846 GC heap after
Heap after GC invocations=298 (full 22):
 PSYoungGen      total 425472K, used 1968K [0x00000000e0000000, 0x00000000ff700000, 0x0000000100000000)
  eden space 333312K, 0% used [0x00000000e0000000,0x00000000e0000000,0x00000000f4580000)
  from space 92160K, 2% used [0x00000000f9d00000,0x00000000f9eec3a0,0x00000000ff700000)
  to   space 89600K, 0% used [0x00000000f4580000,0x00000000f4580000,0x00000000f9d00000)
 ParOldGen       total 440320K, used 317461K [0x00000000a0000000, 0x00000000bae00000, 0x00000000e0000000)
  object space 440320K, 72% used [0x00000000a0000000,0x00000000b36057b0,0x00000000bae00000)
 Metaspace       used 91039K, capacity 98654K, committed 98944K, reserved 1134592K
  class space    used 11372K, capacity 13143K, committed 13184K, reserved 1048576K
}
Event: 17556.336 GC heap before
{Heap before GC invocations=299 (full 22):
 PSYoungGen      total 425472K, used 335280K [0x00000000e0000000, 0x00000000ff700000, 0x0000000100000000)
  eden space 333312K, 100% used [0x00000000e0000000,0x00000000f4580000,0x00000000f4580000)
  from space 92160K, 2% used [0x00000000f9d00000,0x00000000f9eec3a0,0x00000000ff700000)
  to   space 89600K, 0% used [0x00000000f4580000,0x00000000f4580000,0x00000000f9d00000)
 ParOldGen       total 440320K, used 317461K [0x00000000a0000000, 0x00000000bae00000, 0x00000000e0000000)
  object space 440320K, 72% used [0x00000000a0000000,0x00000000b36057c8,0x00000000bae00000)
 Metaspace       used 91039K, capacity 98654K, committed 98944K, reserved 1134592K
  class space    used 11372K, capacity 13143K, committed 13184K, reserved 1048576K
Event: 17556.342 GC heap after
Heap after GC invocations=299 (full 22):
 PSYoungGen      total 422912K, used 1228K [0x00000000e0000000, 0x00000000ff680000, 0x0000000100000000)
  eden space 333312K, 0% used [0x00000000e0000000,0x00000000e0000000,0x00000000f4580000)
  from space 89600K, 1% used [0x00000000f4580000,0x00000000f46b31f0,0x00000000f9d00000)
  to   space 86016K, 0% used [0x00000000fa280000,0x00000000fa280000,0x00000000ff680000)
 ParOldGen       total 440320K, used 317941K [0x00000000a0000000, 0x00000000bae00000, 0x00000000e0000000)
  object space 440320K, 72% used [0x00000000a0000000,0x00000000b367d7d8,0x00000000bae00000)
 Metaspace       used 91039K, capacity 98654K, committed 98944K, reserved 1134592K
  class space    used 11372K, capacity 13143K, committed 13184K, reserved 1048576K
}
Event: 17559.894 GC heap before
{Heap before GC invocations=300 (full 22):
 PSYoungGen      total 422912K, used 334540K [0x00000000e0000000, 0x00000000ff680000, 0x0000000100000000)
  eden space 333312K, 100% used [0x00000000e0000000,0x00000000f4580000,0x00000000f4580000)
  from space 89600K, 1% used [0x00000000f4580000,0x00000000f46b31f0,0x00000000f9d00000)
  to   space 86016K, 0% used [0x00000000fa280000,0x00000000fa280000,0x00000000ff680000)
 ParOldGen       total 440320K, used 318010K [0x00000000a0000000, 0x00000000bae00000, 0x00000000e0000000)
  object space 440320K, 72% used [0x00000000a0000000,0x00000000b368e938,0x00000000bae00000)
 Metaspace       used 91039K, capacity 98654K, committed 98944K, reserved 1134592K
  class space    used 11372K, capacity 13143K, committed 13184K, reserved 1048576K
Event: 17559.955 GC heap after
Heap after GC invocations=300 (full 22):
 PSYoungGen      total 427520K, used 40611K [0x00000000e0000000, 0x00000000ffe80000, 0x0000000100000000)
  eden space 341504K, 0% used [0x00000000e0000000,0x00000000e0000000,0x00000000f4d80000)
  from space 86016K, 47% used [0x00000000fa280000,0x00000000fca28f58,0x00000000ff680000)
  to   space 87040K, 0% used [0x00000000f4d80000,0x00000000f4d80000,0x00000000fa280000)
 ParOldGen       total 440320K, used 318354K [0x00000000a0000000, 0x00000000bae00000, 0x00000000e0000000)
  object space 440320K, 72% used [0x00000000a0000000,0x00000000b36e4968,0x00000000bae00000)
 Metaspace       used 91039K, capacity 98654K, committed 98944K, reserved 1134592K
  class space    used 11372K, capacity 13143K, committed 13184K, reserved 1048576K
}
Event: 17560.749 GC heap before
{Heap before GC invocations=301 (full 22):
 PSYoungGen      total 427520K, used 382115K [0x00000000e0000000, 0x00000000ffe80000, 0x0000000100000000)
  eden space 341504K, 100% used [0x00000000e0000000,0x00000000f4d80000,0x00000000f4d80000)
  from space 86016K, 47% used [0x00000000fa280000,0x00000000fca28f58,0x00000000ff680000)
  to   space 87040K, 0% used [0x00000000f4d80000,0x00000000f4d80000,0x00000000fa280000)
 ParOldGen       total 440320K, used 318354K [0x00000000a0000000, 0x00000000bae00000, 0x00000000e0000000)
  object space 440320K, 72% used [0x00000000a0000000,0x00000000b36e4968,0x00000000bae00000)
 Metaspace       used 91039K, capacity 98654K, committed 98944K, reserved 1134592K
  class space    used 11372K, capacity 13143K, committed 13184K, reserved 1048576K
Event: 17560.851 GC heap after
Heap after GC invocations=301 (full 22):
 PSYoungGen      total 415232K, used 73680K [0x00000000e0000000, 0x0000000100000000, 0x0000000100000000)
  eden space 341504K, 0% used [0x00000000e0000000,0x00000000e0000000,0x00000000f4d80000)
  from space 73728K, 99% used [0x00000000f4d80000,0x00000000f9574190,0x00000000f9580000)
  to   space 100352K, 0% used [0x00000000f9e00000,0x00000000f9e00000,0x0000000100000000)
 ParOldGen       total 440320K, used 336347K [0x00000000a0000000, 0x00000000bae00000, 0x00000000e0000000)
  object space 440320K, 76% used [0x00000000a0000000,0x00000000b4876ee0,0x00000000bae00000)
 Metaspace       used 91039K, capacity 98654K, committed 98944K, reserved 1134592K
  class space    used 11372K, capacity 13143K, committed 13184K, reserved 1048576K
}
Event: 17561.528 GC heap before
{Heap before GC invocations=302 (full 22):
 PSYoungGen      total 415232K, used 415184K [0x00000000e0000000, 0x0000000100000000, 0x0000000100000000)
  eden space 341504K, 100% used [0x00000000e0000000,0x00000000f4d80000,0x00000000f4d80000)
  from space 73728K, 99% used [0x00000000f4d80000,0x00000000f9574190,0x00000000f9580000)
  to   space 100352K, 0% used [0x00000000f9e00000,0x00000000f9e00000,0x0000000100000000)
 ParOldGen       total 440320K, used 336347K [0x00000000a0000000, 0x00000000bae00000, 0x00000000e0000000)
  object space 440320K, 76% used [0x00000000a0000000,0x00000000b4876ee0,0x00000000bae00000)
 Metaspace       used 91039K, capacity 98654K, committed 98944K, reserved 1134592K
  class space    used 11372K, capacity 13143K, committed 13184K, reserved 1048576K
Event: 17561.711 GC heap after
Heap after GC invocations=302 (full 22):
 PSYoungGen      total 427008K, used 38410K [0x00000000e0000000, 0x0000000100000000, 0x0000000100000000)
  eden space 326656K, 0% used [0x00000000e0000000,0x00000000e0000000,0x00000000f3f00000)
  from space 100352K, 38% used [0x00000000f9e00000,0x00000000fc382800,0x0000000100000000)
  to   space 97280K, 0% used [0x00000000f3f00000,0x00000000f3f00000,0x00000000f9e00000)
 ParOldGen       total 440320K, used 398103K [0x00000000a0000000, 0x00000000bae00000, 0x00000000e0000000)
  object space 440320K, 90% used [0x00000000a0000000,0x00000000b84c5e78,0x00000000bae00000)
 Metaspace       used 91039K, capacity 98654K, committed 98944K, reserved 1134592K
  class space    used 11372K, capacity 13143K, committed 13184K, reserved 1048576K
}
Event: 17561.711 GC heap before
{Heap before GC invocations=303 (full 23):
 PSYoungGen      total 427008K, used 38410K [0x00000000e0000000, 0x0000000100000000, 0x0000000100000000)
  eden space 326656K, 0% used [0x00000000e0000000,0x00000000e0000000,0x00000000f3f00000)
  from space 100352K, 38% used [0x00000000f9e00000,0x00000000fc382800,0x0000000100000000)
  to   space 97280K, 0% used [0x00000000f3f00000,0x00000000f3f00000,0x00000000f9e00000)
 ParOldGen       total 440320K, used 398103K [0x00000000a0000000, 0x00000000bae00000, 0x00000000e0000000)
  object space 440320K, 90% used [0x00000000a0000000,0x00000000b84c5e78,0x00000000bae00000)
 Metaspace       used 91039K, capacity 98654K, committed 98944K, reserved 1134592K
  class space    used 11372K, capacity 13143K, committed 13184K, reserved 1048576K

