# JRE version: OpenJDK Runtime Environment (8.0_152-b01) (build 1.8.0_152-release-915-b01)
# Java VM: OpenJDK 64-Bit Server VM (25.152-b01 mixed mode windows-amd64 compressed oops)
Heap:
 PSYoungGen      total 266752K, used 266742K [0x00000000e0000000, 0x00000000f3480000, 0x0000000100000000)
  eden space 238080K, 100% used [0x00000000e0000000,0x00000000ee880000,0x00000000ee880000)
  from space 28672K, 99% used [0x00000000f1880000,0x00000000f347d848,0x00000000f3480000)
  to   space 38912K, 38% used [0x00000000ee880000,0x00000000ef708240,0x00000000f0e80000)
 ParOldGen       total 111616K, used 65376K [0x00000000a0000000, 0x00000000a6d00000, 0x00000000e0000000)
  object space 111616K, 58% used [0x00000000a0000000,0x00000000a3fd80f8,0x00000000a6d00000)
 Metaspace       used 87786K, capacity 92843K, committed 93056K, reserved 1130496K
  class space    used 11200K, capacity 12381K, committed 12416K, reserved 1048576K
GC Heap History (10 events):
Event: 560.872 GC heap after
Heap after GC invocations=19 (full 3):
 PSYoungGen      total 245760K, used 14736K [0x00000000e0000000, 0x00000000f1100000, 0x0000000100000000)
  eden space 228352K, 0% used [0x00000000e0000000,0x00000000e0000000,0x00000000edf00000)
  from space 17408K, 84% used [0x00000000f0000000,0x00000000f0e641f0,0x00000000f1100000)
  to   space 25600K, 0% used [0x00000000edf00000,0x00000000edf00000,0x00000000ef800000)
 ParOldGen       total 111616K, used 53012K [0x00000000a0000000, 0x00000000a6d00000, 0x00000000e0000000)
  object space 111616K, 47% used [0x00000000a0000000,0x00000000a33c5308,0x00000000a6d00000)
 Metaspace       used 65240K, capacity 68517K, committed 68736K, reserved 1107968K
  class space    used 8717K, capacity 9578K, committed 9600K, reserved 1048576K
}
Event: 577.716 GC heap before
{Heap before GC invocations=20 (full 3):
 PSYoungGen      total 245760K, used 243088K [0x00000000e0000000, 0x00000000f1100000, 0x0000000100000000)
  eden space 228352K, 100% used [0x00000000e0000000,0x00000000edf00000,0x00000000edf00000)
  from space 17408K, 84% used [0x00000000f0000000,0x00000000f0e641f0,0x00000000f1100000)
  to   space 25600K, 0% used [0x00000000edf00000,0x00000000edf00000,0x00000000ef800000)
 ParOldGen       total 111616K, used 53012K [0x00000000a0000000, 0x00000000a6d00000, 0x00000000e0000000)
  object space 111616K, 47% used [0x00000000a0000000,0x00000000a33c5308,0x00000000a6d00000)
 Metaspace       used 72413K, capacity 76073K, committed 76288K, reserved 1116160K
  class space    used 9532K, capacity 10480K, committed 10496K, reserved 1048576K
Event: 577.740 GC heap after
Heap after GC invocations=20 (full 3):
 PSYoungGen      total 253952K, used 17917K [0x00000000e0000000, 0x00000000f3580000, 0x0000000100000000)
  eden space 228352K, 0% used [0x00000000e0000000,0x00000000e0000000,0x00000000edf00000)
  from space 25600K, 69% used [0x00000000edf00000,0x00000000ef07f720,0x00000000ef800000)
  to   space 26624K, 0% used [0x00000000f1b80000,0x00000000f1b80000,0x00000000f3580000)
 ParOldGen       total 111616K, used 53036K [0x00000000a0000000, 0x00000000a6d00000, 0x00000000e0000000)
  object space 111616K, 47% used [0x00000000a0000000,0x00000000a33cb308,0x00000000a6d00000)
 Metaspace       used 72413K, capacity 76073K, committed 76288K, reserved 1116160K
  class space    used 9532K, capacity 10480K, committed 10496K, reserved 1048576K
}
Event: 588.414 GC heap before
{Heap before GC invocations=21 (full 3):
 PSYoungGen      total 253952K, used 246269K [0x00000000e0000000, 0x00000000f3580000, 0x0000000100000000)
  eden space 228352K, 100% used [0x00000000e0000000,0x00000000edf00000,0x00000000edf00000)
  from space 25600K, 69% used [0x00000000edf00000,0x00000000ef07f720,0x00000000ef800000)
  to   space 26624K, 0% used [0x00000000f1b80000,0x00000000f1b80000,0x00000000f3580000)
 ParOldGen       total 111616K, used 53036K [0x00000000a0000000, 0x00000000a6d00000, 0x00000000e0000000)
  object space 111616K, 47% used [0x00000000a0000000,0x00000000a33cb308,0x00000000a6d00000)
 Metaspace       used 77253K, capacity 81105K, committed 81280K, reserved 1120256K
  class space    used 10065K, capacity 11036K, committed 11136K, reserved 1048576K
Event: 588.440 GC heap after
Heap after GC invocations=21 (full 3):
 PSYoungGen      total 285696K, used 25144K [0x00000000e0000000, 0x00000000f3700000, 0x0000000100000000)
  eden space 259072K, 0% used [0x00000000e0000000,0x00000000e0000000,0x00000000efd00000)
  from space 26624K, 94% used [0x00000000f1b80000,0x00000000f340e190,0x00000000f3580000)
  to   space 29696K, 0% used [0x00000000efd00000,0x00000000efd00000,0x00000000f1a00000)
 ParOldGen       total 111616K, used 53564K [0x00000000a0000000, 0x00000000a6d00000, 0x00000000e0000000)
  object space 111616K, 47% used [0x00000000a0000000,0x00000000a344f338,0x00000000a6d00000)
 Metaspace       used 77253K, capacity 81105K, committed 81280K, reserved 1120256K
  class space    used 10065K, capacity 11036K, committed 11136K, reserved 1048576K
}
Event: 5596.950 GC heap before
{Heap before GC invocations=22 (full 3):
 PSYoungGen      total 285696K, used 284216K [0x00000000e0000000, 0x00000000f3700000, 0x0000000100000000)
  eden space 259072K, 100% used [0x00000000e0000000,0x00000000efd00000,0x00000000efd00000)
  from space 26624K, 94% used [0x00000000f1b80000,0x00000000f340e190,0x00000000f3580000)
  to   space 29696K, 0% used [0x00000000efd00000,0x00000000efd00000,0x00000000f1a00000)
 ParOldGen       total 111616K, used 53564K [0x00000000a0000000, 0x00000000a6d00000, 0x00000000e0000000)
  object space 111616K, 47% used [0x00000000a0000000,0x00000000a344f338,0x00000000a6d00000)
 Metaspace       used 84225K, capacity 88537K, committed 88832K, reserved 1126400K
  class space    used 10859K, capacity 11938K, committed 12032K, reserved 1048576K
Event: 5597.584 GC heap after
Heap after GC invocations=22 (full 3):
 PSYoungGen      total 276480K, used 27962K [0x00000000e0000000, 0x00000000f3480000, 0x0000000100000000)
  eden space 248320K, 0% used [0x00000000e0000000,0x00000000e0000000,0x00000000ef280000)
  from space 28160K, 99% used [0x00000000efd00000,0x00000000f184eb68,0x00000000f1880000)
  to   space 28672K, 0% used [0x00000000f1880000,0x00000000f1880000,0x00000000f3480000)
 ParOldGen       total 111616K, used 53591K [0x00000000a0000000, 0x00000000a6d00000, 0x00000000e0000000)
  object space 111616K, 48% used [0x00000000a0000000,0x00000000a3455f88,0x00000000a6d00000)
 Metaspace       used 84225K, capacity 88537K, committed 88832K, reserved 1126400K
  class space    used 10859K, capacity 11938K, committed 12032K, reserved 1048576K
}
Event: 5619.117 GC heap before
{Heap before GC invocations=23 (full 3):
 PSYoungGen      total 276480K, used 276282K [0x00000000e0000000, 0x00000000f3480000, 0x0000000100000000)
  eden space 248320K, 100% used [0x00000000e0000000,0x00000000ef280000,0x00000000ef280000)
  from space 28160K, 99% used [0x00000000efd00000,0x00000000f184eb68,0x00000000f1880000)
  to   space 28672K, 0% used [0x00000000f1880000,0x00000000f1880000,0x00000000f3480000)
 ParOldGen       total 111616K, used 53591K [0x00000000a0000000, 0x00000000a6d00000, 0x00000000e0000000)
  object space 111616K, 48% used [0x00000000a0000000,0x00000000a3455f88,0x00000000a6d00000)
 Metaspace       used 84767K, capacity 89297K, committed 89344K, reserved 1126400K
  class space    used 10896K, capacity 12020K, committed 12032K, reserved 1048576K
Event: 5619.285 GC heap after
Heap after GC invocations=23 (full 3):
 PSYoungGen      total 266752K, used 28662K [0x00000000e0000000, 0x00000000f3480000, 0x0000000100000000)
  eden space 238080K, 0% used [0x00000000e0000000,0x00000000e0000000,0x00000000ee880000)
  from space 28672K, 99% used [0x00000000f1880000,0x00000000f347d848,0x00000000f3480000)
  to   space 38912K, 0% used [0x00000000ee880000,0x00000000ee880000,0x00000000f0e80000)
 ParOldGen       total 111616K, used 59589K [0x00000000a0000000, 0x00000000a6d00000, 0x00000000e0000000)
  object space 111616K, 53% used [0x00000000a0000000,0x00000000a3a31688,0x00000000a6d00000)
 Metaspace       used 84767K, capacity 89297K, committed 89344K, reserved 1126400K
  class space    used 10896K, capacity 12020K, committed 12032K, reserved 1048576K
}
Event: 7136.860 GC heap before
{Heap before GC invocations=24 (full 3):
 PSYoungGen      total 266752K, used 266742K [0x00000000e0000000, 0x00000000f3480000, 0x0000000100000000)
  eden space 238080K, 100% used [0x00000000e0000000,0x00000000ee880000,0x00000000ee880000)
  from space 28672K, 99% used [0x00000000f1880000,0x00000000f347d848,0x00000000f3480000)
  to   space 38912K, 0% used [0x00000000ee880000,0x00000000ee880000,0x00000000f0e80000)
 ParOldGen       total 111616K, used 59589K [0x00000000a0000000, 0x00000000a6d00000, 0x00000000e0000000)
  object space 111616K, 53% used [0x00000000a0000000,0x00000000a3a31688,0x00000000a6d00000)
 Metaspace       used 87786K, capacity 92843K, committed 93056K, reserved 1130496K
  class space    used 11200K, capacity 12381K, committed 12416K, reserved 1048576K

