# JRE version: OpenJDK Runtime Environment (8.0_152-b01) (build 1.8.0_152-release-915-b01)
# Java VM: OpenJDK 64-Bit Server VM (25.152-b01 mixed mode windows-amd64 compressed oops)
Heap:
 PSYoungGen      total 401408K, used 96932K [0x00000000e0000000, 0x00000000ffe00000, 0x0000000100000000)
  eden space 296448K, 28% used [0x00000000e0000000,0x00000000e5377478,0x00000000f2180000)
  from space 104960K, 10% used [0x00000000f2180000,0x00000000f2cb1db8,0x00000000f8800000)
  to   space 99328K, 0% used [0x00000000f9d00000,0x00000000f9d00000,0x00000000ffe00000)
 ParOldGen       total 253440K, used 133018K [0x00000000a0000000, 0x00000000af780000, 0x00000000e0000000)
  object space 253440K, 52% used [0x00000000a0000000,0x00000000a81e6b40,0x00000000af780000)
 Metaspace       used 83167K, capacity 87824K, committed 88152K, reserved 1126400K
  class space    used 10701K, capacity 11856K, committed 11904K, reserved 1048576K
GC Heap History (10 events):
Event: 615.218 GC heap before
{Heap before GC invocations=61 (full 8):
 PSYoungGen      total 378880K, used 258520K [0x00000000e0000000, 0x00000000ff580000, 0x0000000100000000)
  eden space 258560K, 99% used [0x00000000e0000000,0x00000000efc5e318,0x00000000efc80000)
  from space 120320K, 0% used [0x00000000f8000000,0x00000000f8018000,0x00000000ff580000)
  to   space 127488K, 0% used [0x00000000efc80000,0x00000000efc80000,0x00000000f7900000)
 ParOldGen       total 253440K, used 108354K [0x00000000a0000000, 0x00000000af780000, 0x00000000e0000000)
  object space 253440K, 42% used [0x00000000a0000000,0x00000000a69d0958,0x00000000af780000)
 Metaspace       used 73142K, capacity 76058K, committed 76248K, reserved 1116160K
  class space    used 9437K, capacity 10149K, committed 10240K, reserved 1048576K
Event: 615.221 GC heap after
Heap after GC invocations=61 (full 8):
 PSYoungGen      total 386048K, used 96K [0x00000000e0000000, 0x0000000100000000, 0x0000000100000000)
  eden space 258560K, 0% used [0x00000000e0000000,0x00000000e0000000,0x00000000efc80000)
  from space 127488K, 0% used [0x00000000efc80000,0x00000000efc98000,0x00000000f7900000)
  to   space 123904K, 0% used [0x00000000f8700000,0x00000000f8700000,0x0000000100000000)
 ParOldGen       total 253440K, used 108386K [0x00000000a0000000, 0x00000000af780000, 0x00000000e0000000)
  object space 253440K, 42% used [0x00000000a0000000,0x00000000a69d8958,0x00000000af780000)
 Metaspace       used 73142K, capacity 76058K, committed 76248K, reserved 1116160K
  class space    used 9437K, capacity 10149K, committed 10240K, reserved 1048576K
}
Event: 828.209 GC heap before
{Heap before GC invocations=62 (full 8):
 PSYoungGen      total 386048K, used 258656K [0x00000000e0000000, 0x0000000100000000, 0x0000000100000000)
  eden space 258560K, 100% used [0x00000000e0000000,0x00000000efc80000,0x00000000efc80000)
  from space 127488K, 0% used [0x00000000efc80000,0x00000000efc98000,0x00000000f7900000)
  to   space 123904K, 0% used [0x00000000f8700000,0x00000000f8700000,0x0000000100000000)
 ParOldGen       total 253440K, used 108386K [0x00000000a0000000, 0x00000000af780000, 0x00000000e0000000)
  object space 253440K, 42% used [0x00000000a0000000,0x00000000a69d8958,0x00000000af780000)
 Metaspace       used 77957K, capacity 81380K, committed 81624K, reserved 1120256K
  class space    used 10047K, capacity 10889K, committed 11008K, reserved 1048576K
Event: 828.228 GC heap after
Heap after GC invocations=62 (full 8):
 PSYoungGen      total 379904K, used 12078K [0x00000000e0000000, 0x00000000fef80000, 0x0000000100000000)
  eden space 272896K, 0% used [0x00000000e0000000,0x00000000e0000000,0x00000000f0a80000)
  from space 107008K, 11% used [0x00000000f8700000,0x00000000f92cb910,0x00000000fef80000)
  to   space 117248K, 0% used [0x00000000f0a80000,0x00000000f0a80000,0x00000000f7d00000)
 ParOldGen       total 253440K, used 108418K [0x00000000a0000000, 0x00000000af780000, 0x00000000e0000000)
  object space 253440K, 42% used [0x00000000a0000000,0x00000000a69e0958,0x00000000af780000)
 Metaspace       used 77957K, capacity 81380K, committed 81624K, reserved 1120256K
  class space    used 10047K, capacity 10889K, committed 11008K, reserved 1048576K
}
Event: 832.023 GC heap before
{Heap before GC invocations=63 (full 8):
 PSYoungGen      total 379904K, used 284974K [0x00000000e0000000, 0x00000000fef80000, 0x0000000100000000)
  eden space 272896K, 100% used [0x00000000e0000000,0x00000000f0a80000,0x00000000f0a80000)
  from space 107008K, 11% used [0x00000000f8700000,0x00000000f92cb910,0x00000000fef80000)
  to   space 117248K, 0% used [0x00000000f0a80000,0x00000000f0a80000,0x00000000f7d00000)
 ParOldGen       total 253440K, used 108418K [0x00000000a0000000, 0x00000000af780000, 0x00000000e0000000)
  object space 253440K, 42% used [0x00000000a0000000,0x00000000a69e0958,0x00000000af780000)
 Metaspace       used 79222K, capacity 82998K, committed 83160K, reserved 1122304K
  class space    used 10282K, capacity 11255K, committed 11264K, reserved 1048576K
Event: 832.122 GC heap after
Heap after GC invocations=63 (full 8):
 PSYoungGen      total 390144K, used 15584K [0x00000000e0000000, 0x00000000ffd00000, 0x0000000100000000)
  eden space 272896K, 0% used [0x00000000e0000000,0x00000000e0000000,0x00000000f0a80000)
  from space 117248K, 13% used [0x00000000f0a80000,0x00000000f19b8000,0x00000000f7d00000)
  to   space 110592K, 0% used [0x00000000f9100000,0x00000000f9100000,0x00000000ffd00000)
 ParOldGen       total 253440K, used 117473K [0x00000000a0000000, 0x00000000af780000, 0x00000000e0000000)
  object space 253440K, 46% used [0x00000000a0000000,0x00000000a72b8728,0x00000000af780000)
 Metaspace       used 79222K, capacity 82998K, committed 83160K, reserved 1122304K
  class space    used 10282K, capacity 11255K, committed 11264K, reserved 1048576K
}
Event: 872.288 GC heap before
{Heap before GC invocations=64 (full 8):
 PSYoungGen      total 390144K, used 288480K [0x00000000e0000000, 0x00000000ffd00000, 0x0000000100000000)
  eden space 272896K, 100% used [0x00000000e0000000,0x00000000f0a80000,0x00000000f0a80000)
  from space 117248K, 13% used [0x00000000f0a80000,0x00000000f19b8000,0x00000000f7d00000)
  to   space 110592K, 0% used [0x00000000f9100000,0x00000000f9100000,0x00000000ffd00000)
 ParOldGen       total 253440K, used 117473K [0x00000000a0000000, 0x00000000af780000, 0x00000000e0000000)
  object space 253440K, 46% used [0x00000000a0000000,0x00000000a72b8728,0x00000000af780000)
 Metaspace       used 81713K, capacity 85958K, committed 86104K, reserved 1124352K
  class space    used 10564K, capacity 11633K, committed 11648K, reserved 1048576K
Event: 872.443 GC heap after
Heap after GC invocations=64 (full 8):
 PSYoungGen      total 392192K, used 11627K [0x00000000e0000000, 0x00000000fee80000, 0x0000000100000000)
  eden space 296448K, 0% used [0x00000000e0000000,0x00000000e0000000,0x00000000f2180000)
  from space 95744K, 12% used [0x00000000f9100000,0x00000000f9c5ad18,0x00000000fee80000)
  to   space 104960K, 0% used [0x00000000f2180000,0x00000000f2180000,0x00000000f8800000)
 ParOldGen       total 253440K, used 131304K [0x00000000a0000000, 0x00000000af780000, 0x00000000e0000000)
  object space 253440K, 51% used [0x00000000a0000000,0x00000000a803a130,0x00000000af780000)
 Metaspace       used 81713K, capacity 85958K, committed 86104K, reserved 1124352K
  class space    used 10564K, capacity 11633K, committed 11648K, reserved 1048576K
}
Event: 977.670 GC heap before
{Heap before GC invocations=65 (full 8):
 PSYoungGen      total 392192K, used 308075K [0x00000000e0000000, 0x00000000fee80000, 0x0000000100000000)
  eden space 296448K, 100% used [0x00000000e0000000,0x00000000f2180000,0x00000000f2180000)
  from space 95744K, 12% used [0x00000000f9100000,0x00000000f9c5ad18,0x00000000fee80000)
  to   space 104960K, 0% used [0x00000000f2180000,0x00000000f2180000,0x00000000f8800000)
 ParOldGen       total 253440K, used 131304K [0x00000000a0000000, 0x00000000af780000, 0x00000000e0000000)
  object space 253440K, 51% used [0x00000000a0000000,0x00000000a803a130,0x00000000af780000)
 Metaspace       used 82427K, capacity 87094K, committed 87384K, reserved 1124352K
  class space    used 10626K, capacity 11787K, committed 11904K, reserved 1048576K
Event: 977.742 GC heap after
Heap after GC invocations=65 (full 8):
 PSYoungGen      total 401408K, used 11463K [0x00000000e0000000, 0x00000000ffe00000, 0x0000000100000000)
  eden space 296448K, 0% used [0x00000000e0000000,0x00000000e0000000,0x00000000f2180000)
  from space 104960K, 10% used [0x00000000f2180000,0x00000000f2cb1db8,0x00000000f8800000)
  to   space 99328K, 0% used [0x00000000f9d00000,0x00000000f9d00000,0x00000000ffe00000)
 ParOldGen       total 253440K, used 133018K [0x00000000a0000000, 0x00000000af780000, 0x00000000e0000000)
  object space 253440K, 52% used [0x00000000a0000000,0x00000000a81e6b40,0x00000000af780000)
 Metaspace       used 82427K, capacity 87094K, committed 87384K, reserved 1124352K
  class space    used 10626K, capacity 11787K, committed 11904K, reserved 1048576K
}

