# JRE version: OpenJDK Runtime Environment (8.0_152-b01) (build 1.8.0_152-release-915-b01)
# Java VM: OpenJDK 64-Bit Server VM (25.152-b01 mixed mode windows-amd64 compressed oops)
Heap:
 PSYoungGen      total 181248K, used 35824K [0x00000000e0000000, 0x00000000f3200000, 0x0000000100000000)
  eden space 145408K, 0% used [0x00000000e0000000,0x00000000e0000000,0x00000000e8e00000)
  from space 35840K, 99% used [0x00000000e8e00000,0x00000000eb0fc080,0x00000000eb100000)
  to   space 61440K, 0% used [0x00000000ef600000,0x00000000ef600000,0x00000000f3200000)
 ParOldGen       total 100864K, used 100680K [0x00000000a0000000, 0x00000000a6280000, 0x00000000e0000000)
  object space 100864K, 99% used [0x00000000a0000000,0x00000000a62520a0,0x00000000a6280000)
 Metaspace       used 55365K, capacity 57266K, committed 57432K, reserved 1099776K
  class space    used 7492K, capacity 7976K, committed 8064K, reserved 1048576K
GC Heap History (10 events):
Event: 11.170 GC heap after
Heap after GC invocations=13 (full 2):
 PSYoungGen      total 120320K, used 13294K [0x00000000e0000000, 0x00000000e9f00000, 0x0000000100000000)
  eden space 107008K, 0% used [0x00000000e0000000,0x00000000e0000000,0x00000000e6880000)
  from space 13312K, 99% used [0x00000000e6880000,0x00000000e757bbd0,0x00000000e7580000)
  to   space 15872K, 0% used [0x00000000e8f80000,0x00000000e8f80000,0x00000000e9f00000)
 ParOldGen       total 61952K, used 19131K [0x00000000a0000000, 0x00000000a3c80000, 0x00000000e0000000)
  object space 61952K, 30% used [0x00000000a0000000,0x00000000a12aed18,0x00000000a3c80000)
 Metaspace       used 48574K, capacity 49812K, committed 49880K, reserved 1091584K
  class space    used 6506K, capacity 6862K, committed 6912K, reserved 1048576K
}
Event: 14.334 GC heap before
{Heap before GC invocations=14 (full 2):
 PSYoungGen      total 120320K, used 120302K [0x00000000e0000000, 0x00000000e9f00000, 0x0000000100000000)
  eden space 107008K, 100% used [0x00000000e0000000,0x00000000e6880000,0x00000000e6880000)
  from space 13312K, 99% used [0x00000000e6880000,0x00000000e757bbd0,0x00000000e7580000)
  to   space 15872K, 0% used [0x00000000e8f80000,0x00000000e8f80000,0x00000000e9f00000)
 ParOldGen       total 61952K, used 19131K [0x00000000a0000000, 0x00000000a3c80000, 0x00000000e0000000)
  object space 61952K, 30% used [0x00000000a0000000,0x00000000a12aed18,0x00000000a3c80000)
 Metaspace       used 53730K, capacity 55598K, committed 55640K, reserved 1097728K
  class space    used 7288K, capacity 7794K, committed 7808K, reserved 1048576K
Event: 14.386 GC heap after
Heap after GC invocations=14 (full 2):
 PSYoungGen      total 142336K, used 15853K [0x00000000e0000000, 0x00000000ea880000, 0x0000000100000000)
  eden space 126464K, 0% used [0x00000000e0000000,0x00000000e0000000,0x00000000e7b80000)
  from space 15872K, 99% used [0x00000000e8f80000,0x00000000e9efb4f0,0x00000000e9f00000)
  to   space 20480K, 0% used [0x00000000e7b80000,0x00000000e7b80000,0x00000000e8f80000)
 ParOldGen       total 61952K, used 25599K [0x00000000a0000000, 0x00000000a3c80000, 0x00000000e0000000)
  object space 61952K, 41% used [0x00000000a0000000,0x00000000a18fff60,0x00000000a3c80000)
 Metaspace       used 53730K, capacity 55598K, committed 55640K, reserved 1097728K
  class space    used 7288K, capacity 7794K, committed 7808K, reserved 1048576K
}
Event: 17.724 GC heap before
{Heap before GC invocations=15 (full 2):
 PSYoungGen      total 142336K, used 142317K [0x00000000e0000000, 0x00000000ea880000, 0x0000000100000000)
  eden space 126464K, 100% used [0x00000000e0000000,0x00000000e7b80000,0x00000000e7b80000)
  from space 15872K, 99% used [0x00000000e8f80000,0x00000000e9efb4f0,0x00000000e9f00000)
  to   space 20480K, 0% used [0x00000000e7b80000,0x00000000e7b80000,0x00000000e8f80000)
 ParOldGen       total 61952K, used 25599K [0x00000000a0000000, 0x00000000a3c80000, 0x00000000e0000000)
  object space 61952K, 41% used [0x00000000a0000000,0x00000000a18fff60,0x00000000a3c80000)
 Metaspace       used 54247K, capacity 56196K, committed 56536K, reserved 1097728K
  class space    used 7337K, capacity 7839K, committed 7936K, reserved 1048576K
Event: 17.781 GC heap after
Heap after GC invocations=15 (full 2):
 PSYoungGen      total 146944K, used 20477K [0x00000000e0000000, 0x00000000ec900000, 0x0000000100000000)
  eden space 126464K, 0% used [0x00000000e0000000,0x00000000e0000000,0x00000000e7b80000)
  from space 20480K, 99% used [0x00000000e7b80000,0x00000000e8f7f530,0x00000000e8f80000)
  to   space 24576K, 0% used [0x00000000eb100000,0x00000000eb100000,0x00000000ec900000)
 ParOldGen       total 61952K, used 27844K [0x00000000a0000000, 0x00000000a3c80000, 0x00000000e0000000)
  object space 61952K, 44% used [0x00000000a0000000,0x00000000a1b31368,0x00000000a3c80000)
 Metaspace       used 54247K, capacity 56196K, committed 56536K, reserved 1097728K
  class space    used 7337K, capacity 7839K, committed 7936K, reserved 1048576K
}
Event: 20.681 GC heap before
{Heap before GC invocations=16 (full 2):
 PSYoungGen      total 146944K, used 146941K [0x00000000e0000000, 0x00000000ec900000, 0x0000000100000000)
  eden space 126464K, 100% used [0x00000000e0000000,0x00000000e7b80000,0x00000000e7b80000)
  from space 20480K, 99% used [0x00000000e7b80000,0x00000000e8f7f530,0x00000000e8f80000)
  to   space 24576K, 0% used [0x00000000eb100000,0x00000000eb100000,0x00000000ec900000)
 ParOldGen       total 61952K, used 27844K [0x00000000a0000000, 0x00000000a3c80000, 0x00000000e0000000)
  object space 61952K, 44% used [0x00000000a0000000,0x00000000a1b31368,0x00000000a3c80000)
 Metaspace       used 55346K, capacity 57266K, committed 57432K, reserved 1099776K
  class space    used 7492K, capacity 7976K, committed 8064K, reserved 1048576K
Event: 20.747 GC heap after
Heap after GC invocations=16 (full 2):
 PSYoungGen      total 169984K, used 24568K [0x00000000e0000000, 0x00000000ee180000, 0x0000000100000000)
  eden space 145408K, 0% used [0x00000000e0000000,0x00000000e0000000,0x00000000e8e00000)
  from space 24576K, 99% used [0x00000000eb100000,0x00000000ec8fe2b0,0x00000000ec900000)
  to   space 35840K, 0% used [0x00000000e8e00000,0x00000000e8e00000,0x00000000eb100000)
 ParOldGen       total 61952K, used 48414K [0x00000000a0000000, 0x00000000a3c80000, 0x00000000e0000000)
  object space 61952K, 78% used [0x00000000a0000000,0x00000000a2f479f0,0x00000000a3c80000)
 Metaspace       used 55346K, capacity 57266K, committed 57432K, reserved 1099776K
  class space    used 7492K, capacity 7976K, committed 8064K, reserved 1048576K
}
Event: 23.426 GC heap before
{Heap before GC invocations=17 (full 2):
 PSYoungGen      total 169984K, used 169976K [0x00000000e0000000, 0x00000000ee180000, 0x0000000100000000)
  eden space 145408K, 100% used [0x00000000e0000000,0x00000000e8e00000,0x00000000e8e00000)
  from space 24576K, 99% used [0x00000000eb100000,0x00000000ec8fe2b0,0x00000000ec900000)
  to   space 35840K, 0% used [0x00000000e8e00000,0x00000000e8e00000,0x00000000eb100000)
 ParOldGen       total 61952K, used 48414K [0x00000000a0000000, 0x00000000a3c80000, 0x00000000e0000000)
  object space 61952K, 78% used [0x00000000a0000000,0x00000000a2f479f0,0x00000000a3c80000)
 Metaspace       used 55365K, capacity 57266K, committed 57432K, reserved 1099776K
  class space    used 7492K, capacity 7976K, committed 8064K, reserved 1048576K
Event: 23.547 GC heap after
Heap after GC invocations=17 (full 2):
 PSYoungGen      total 181248K, used 35824K [0x00000000e0000000, 0x00000000f3200000, 0x0000000100000000)
  eden space 145408K, 0% used [0x00000000e0000000,0x00000000e0000000,0x00000000e8e00000)
  from space 35840K, 99% used [0x00000000e8e00000,0x00000000eb0fc080,0x00000000eb100000)
  to   space 61440K, 0% used [0x00000000ef600000,0x00000000ef600000,0x00000000f3200000)
 ParOldGen       total 100864K, used 100680K [0x00000000a0000000, 0x00000000a6280000, 0x00000000e0000000)
  object space 100864K, 99% used [0x00000000a0000000,0x00000000a62520a0,0x00000000a6280000)
 Metaspace       used 55365K, capacity 57266K, committed 57432K, reserved 1099776K
  class space    used 7492K, capacity 7976K, committed 8064K, reserved 1048576K
}
Event: 23.547 GC heap before
{Heap before GC invocations=18 (full 3):
 PSYoungGen      total 181248K, used 35824K [0x00000000e0000000, 0x00000000f3200000, 0x0000000100000000)
  eden space 145408K, 0% used [0x00000000e0000000,0x00000000e0000000,0x00000000e8e00000)
  from space 35840K, 99% used [0x00000000e8e00000,0x00000000eb0fc080,0x00000000eb100000)
  to   space 61440K, 0% used [0x00000000ef600000,0x00000000ef600000,0x00000000f3200000)
 ParOldGen       total 100864K, used 100680K [0x00000000a0000000, 0x00000000a6280000, 0x00000000e0000000)
  object space 100864K, 99% used [0x00000000a0000000,0x00000000a62520a0,0x00000000a6280000)
 Metaspace       used 55365K, capacity 57266K, committed 57432K, reserved 1099776K
  class space    used 7492K, capacity 7976K, committed 8064K, reserved 1048576K

