# JRE version: OpenJDK Runtime Environment (8.0_152-b01) (build 1.8.0_152-release-915-b01)
# Java VM: OpenJDK 64-Bit Server VM (25.152-b01 mixed mode windows-amd64 compressed oops)
Heap:
 PSYoungGen      total 392192K, used 160550K [0x00000000e0000000, 0x0000000100000000, 0x0000000100000000)
  eden space 268288K, 28% used [0x00000000e0000000,0x00000000e4a5d1c8,0x00000000f0600000)
  from space 123904K, 68% used [0x00000000f8700000,0x00000000fd96c8a8,0x0000000100000000)
  to   space 128000K, 0% used [0x00000000f0600000,0x00000000f0600000,0x00000000f8300000)
 ParOldGen       total 159744K, used 118106K [0x00000000a0000000, 0x00000000a9c00000, 0x00000000e0000000)
  object space 159744K, 73% used [0x00000000a0000000,0x00000000a7356ba0,0x00000000a9c00000)
 Metaspace       used 94393K, capacity 102992K, committed 103296K, reserved 1138688K
  class space    used 11946K, capacity 13903K, committed 13952K, reserved 1048576K
GC Heap History (10 events):
Event: 14399.480 GC heap before
{Heap before GC invocations=52 (full 4):
 PSYoungGen      total 379392K, used 373913K [0x00000000e0000000, 0x00000000fda80000, 0x0000000100000000)
  eden space 307712K, 100% used [0x00000000e0000000,0x00000000f2c80000,0x00000000f2c80000)
  from space 71680K, 92% used [0x00000000f2c80000,0x00000000f6d266c8,0x00000000f7280000)
  to   space 79872K, 0% used [0x00000000f8c80000,0x00000000f8c80000,0x00000000fda80000)
 ParOldGen       total 159744K, used 106492K [0x00000000a0000000, 0x00000000a9c00000, 0x00000000e0000000)
  object space 159744K, 66% used [0x00000000a0000000,0x00000000a67ff090,0x00000000a9c00000)
 Metaspace       used 92759K, capacity 101060K, committed 101376K, reserved 1136640K
  class space    used 11827K, capacity 13711K, committed 13824K, reserved 1048576K
Event: 14399.600 GC heap after
Heap after GC invocations=52 (full 4):
 PSYoungGen      total 391168K, used 79858K [0x00000000e0000000, 0x00000000ff780000, 0x0000000100000000)
  eden space 311296K, 0% used [0x00000000e0000000,0x00000000e0000000,0x00000000f3000000)
  from space 79872K, 99% used [0x00000000f8c80000,0x00000000fda7c8f0,0x00000000fda80000)
  to   space 94720K, 0% used [0x00000000f3000000,0x00000000f3000000,0x00000000f8c80000)
 ParOldGen       total 159744K, used 114914K [0x00000000a0000000, 0x00000000a9c00000, 0x00000000e0000000)
  object space 159744K, 71% used [0x00000000a0000000,0x00000000a7038948,0x00000000a9c00000)
 Metaspace       used 92759K, capacity 101060K, committed 101376K, reserved 1136640K
  class space    used 11827K, capacity 13711K, committed 13824K, reserved 1048576K
}
Event: 14416.037 GC heap before
{Heap before GC invocations=53 (full 4):
 PSYoungGen      total 391168K, used 391154K [0x00000000e0000000, 0x00000000ff780000, 0x0000000100000000)
  eden space 311296K, 100% used [0x00000000e0000000,0x00000000f3000000,0x00000000f3000000)
  from space 79872K, 99% used [0x00000000f8c80000,0x00000000fda7c8f0,0x00000000fda80000)
  to   space 94720K, 0% used [0x00000000f3000000,0x00000000f3000000,0x00000000f8c80000)
 ParOldGen       total 159744K, used 114914K [0x00000000a0000000, 0x00000000a9c00000, 0x00000000e0000000)
  object space 159744K, 71% used [0x00000000a0000000,0x00000000a7038948,0x00000000a9c00000)
 Metaspace       used 93287K, capacity 101650K, committed 101888K, reserved 1136640K
  class space    used 11873K, capacity 13778K, committed 13824K, reserved 1048576K
Event: 14416.160 GC heap after
Heap after GC invocations=53 (full 4):
 PSYoungGen      total 406016K, used 83410K [0x00000000e0000000, 0x0000000100000000, 0x0000000100000000)
  eden space 311296K, 0% used [0x00000000e0000000,0x00000000e0000000,0x00000000f3000000)
  from space 94720K, 88% used [0x00000000f3000000,0x00000000f81749e8,0x00000000f8c80000)
  to   space 104960K, 0% used [0x00000000f9980000,0x00000000f9980000,0x0000000100000000)
 ParOldGen       total 159744K, used 117918K [0x00000000a0000000, 0x00000000a9c00000, 0x00000000e0000000)
  object space 159744K, 73% used [0x00000000a0000000,0x00000000a7327b90,0x00000000a9c00000)
 Metaspace       used 93287K, capacity 101650K, committed 101888K, reserved 1136640K
  class space    used 11873K, capacity 13778K, committed 13824K, reserved 1048576K
}
Event: 14424.462 GC heap before
{Heap before GC invocations=54 (full 4):
 PSYoungGen      total 406016K, used 393993K [0x00000000e0000000, 0x0000000100000000, 0x0000000100000000)
  eden space 311296K, 99% used [0x00000000e0000000,0x00000000f2f4dbc8,0x00000000f3000000)
  from space 94720K, 88% used [0x00000000f3000000,0x00000000f81749e8,0x00000000f8c80000)
  to   space 104960K, 0% used [0x00000000f9980000,0x00000000f9980000,0x0000000100000000)
 ParOldGen       total 159744K, used 117918K [0x00000000a0000000, 0x00000000a9c00000, 0x00000000e0000000)
  object space 159744K, 73% used [0x00000000a0000000,0x00000000a7327b90,0x00000000a9c00000)
 Metaspace       used 93462K, capacity 101852K, committed 102144K, reserved 1138688K
  class space    used 11873K, capacity 13779K, committed 13824K, reserved 1048576K
Event: 14424.531 GC heap after
Heap after GC invocations=54 (full 4):
 PSYoungGen      total 401920K, used 86196K [0x00000000e0000000, 0x0000000100000000, 0x0000000100000000)
  eden space 296960K, 0% used [0x00000000e0000000,0x00000000e0000000,0x00000000f2200000)
  from space 104960K, 82% used [0x00000000f9980000,0x00000000fedad328,0x0000000100000000)
  to   space 113664K, 0% used [0x00000000f2200000,0x00000000f2200000,0x00000000f9100000)
 ParOldGen       total 159744K, used 117926K [0x00000000a0000000, 0x00000000a9c00000, 0x00000000e0000000)
  object space 159744K, 73% used [0x00000000a0000000,0x00000000a7329b90,0x00000000a9c00000)
 Metaspace       used 93462K, capacity 101852K, committed 102144K, reserved 1138688K
  class space    used 11873K, capacity 13779K, committed 13824K, reserved 1048576K
}
Event: 14427.685 GC heap before
{Heap before GC invocations=55 (full 4):
 PSYoungGen      total 401920K, used 383156K [0x00000000e0000000, 0x0000000100000000, 0x0000000100000000)
  eden space 296960K, 100% used [0x00000000e0000000,0x00000000f2200000,0x00000000f2200000)
  from space 104960K, 82% used [0x00000000f9980000,0x00000000fedad328,0x0000000100000000)
  to   space 113664K, 0% used [0x00000000f2200000,0x00000000f2200000,0x00000000f9100000)
 ParOldGen       total 159744K, used 117926K [0x00000000a0000000, 0x00000000a9c00000, 0x00000000e0000000)
  object space 159744K, 73% used [0x00000000a0000000,0x00000000a7329b90,0x00000000a9c00000)
 Metaspace       used 93680K, capacity 102152K, committed 102272K, reserved 1138688K
  class space    used 11904K, capacity 13839K, committed 13952K, reserved 1048576K
Event: 14427.760 GC heap after
Heap after GC invocations=55 (full 4):
 PSYoungGen      total 391680K, used 94530K [0x00000000e0000000, 0x0000000100000000, 0x0000000100000000)
  eden space 296960K, 0% used [0x00000000e0000000,0x00000000e0000000,0x00000000f2200000)
  from space 94720K, 99% used [0x00000000f2200000,0x00000000f7e50858,0x00000000f7e80000)
  to   space 123904K, 0% used [0x00000000f8700000,0x00000000f8700000,0x0000000100000000)
 ParOldGen       total 159744K, used 117934K [0x00000000a0000000, 0x00000000a9c00000, 0x00000000e0000000)
  object space 159744K, 73% used [0x00000000a0000000,0x00000000a732bb90,0x00000000a9c00000)
 Metaspace       used 93680K, capacity 102152K, committed 102272K, reserved 1138688K
  class space    used 11904K, capacity 13839K, committed 13952K, reserved 1048576K
}
Event: 14439.578 GC heap before
{Heap before GC invocations=56 (full 4):
 PSYoungGen      total 391680K, used 391490K [0x00000000e0000000, 0x0000000100000000, 0x0000000100000000)
  eden space 296960K, 100% used [0x00000000e0000000,0x00000000f2200000,0x00000000f2200000)
  from space 94720K, 99% used [0x00000000f2200000,0x00000000f7e50858,0x00000000f7e80000)
  to   space 123904K, 0% used [0x00000000f8700000,0x00000000f8700000,0x0000000100000000)
 ParOldGen       total 159744K, used 117934K [0x00000000a0000000, 0x00000000a9c00000, 0x00000000e0000000)
  object space 159744K, 73% used [0x00000000a0000000,0x00000000a732bb90,0x00000000a9c00000)
 Metaspace       used 93803K, capacity 102332K, committed 102528K, reserved 1138688K
  class space    used 11919K, capacity 13861K, committed 13952K, reserved 1048576K
Event: 14439.640 GC heap after
Heap after GC invocations=56 (full 4):
 PSYoungGen      total 392192K, used 84402K [0x00000000e0000000, 0x0000000100000000, 0x0000000100000000)
  eden space 268288K, 0% used [0x00000000e0000000,0x00000000e0000000,0x00000000f0600000)
  from space 123904K, 68% used [0x00000000f8700000,0x00000000fd96c8a8,0x0000000100000000)
  to   space 128000K, 0% used [0x00000000f0600000,0x00000000f0600000,0x00000000f8300000)
 ParOldGen       total 159744K, used 118106K [0x00000000a0000000, 0x00000000a9c00000, 0x00000000e0000000)
  object space 159744K, 73% used [0x00000000a0000000,0x00000000a7356ba0,0x00000000a9c00000)
 Metaspace       used 93803K, capacity 102332K, committed 102528K, reserved 1138688K
  class space    used 11919K, capacity 13861K, committed 13952K, reserved 1048576K
}

