# JRE version: OpenJDK Runtime Environment (8.0_152-b01) (build 1.8.0_152-release-915-b01)
# Java VM: OpenJDK 64-Bit Server VM (25.152-b01 mixed mode windows-amd64 compressed oops)
Heap:
 PSYoungGen      total 329728K, used 27120K [0x00000000e0000000, 0x00000000fcd00000, 0x0000000100000000)
  eden space 302592K, 0% used [0x00000000e0000000,0x00000000e0000000,0x00000000f2780000)
  from space 27136K, 99% used [0x00000000f2780000,0x00000000f41fc148,0x00000000f4200000)
  to   space 63488K, 0% used [0x00000000f8f00000,0x00000000f8f00000,0x00000000fcd00000)
 ParOldGen       total 150528K, used 150402K [0x00000000a0000000, 0x00000000a9300000, 0x00000000e0000000)
  object space 150528K, 99% used [0x00000000a0000000,0x00000000a92e0a70,0x00000000a9300000)
 Metaspace       used 69694K, capacity 73244K, committed 73432K, reserved 1112064K
  class space    used 9079K, capacity 9960K, committed 9984K, reserved 1048576K
GC Heap History (10 events):
Event: 36.702 GC heap after
Heap after GC invocations=18 (full 3):
 PSYoungGen      total 243712K, used 15487K [0x00000000e0000000, 0x00000000f4600000, 0x0000000100000000)
  eden space 217088K, 0% used [0x00000000e0000000,0x00000000e0000000,0x00000000ed400000)
  from space 26624K, 58% used [0x00000000ed400000,0x00000000ee31fc00,0x00000000eee00000)
  to   space 27136K, 0% used [0x00000000f2b80000,0x00000000f2b80000,0x00000000f4600000)
 ParOldGen       total 114688K, used 52101K [0x00000000a0000000, 0x00000000a7000000, 0x00000000e0000000)
  object space 114688K, 45% used [0x00000000a0000000,0x00000000a32e1418,0x00000000a7000000)
 Metaspace       used 61834K, capacity 64714K, committed 64856K, reserved 1105920K
  class space    used 8306K, capacity 9075K, committed 9088K, reserved 1048576K
}
Event: 69.146 GC heap before
{Heap before GC invocations=19 (full 3):
 PSYoungGen      total 243712K, used 232575K [0x00000000e0000000, 0x00000000f4600000, 0x0000000100000000)
  eden space 217088K, 100% used [0x00000000e0000000,0x00000000ed400000,0x00000000ed400000)
  from space 26624K, 58% used [0x00000000ed400000,0x00000000ee31fc00,0x00000000eee00000)
  to   space 27136K, 0% used [0x00000000f2b80000,0x00000000f2b80000,0x00000000f4600000)
 ParOldGen       total 114688K, used 52101K [0x00000000a0000000, 0x00000000a7000000, 0x00000000e0000000)
  object space 114688K, 45% used [0x00000000a0000000,0x00000000a32e1418,0x00000000a7000000)
 Metaspace       used 63947K, capacity 67008K, committed 67160K, reserved 1107968K
  class space    used 8536K, capacity 9340K, committed 9344K, reserved 1048576K
Event: 69.181 GC heap after
Heap after GC invocations=19 (full 3):
 PSYoungGen      total 287232K, used 4876K [0x00000000e0000000, 0x00000000f3b80000, 0x0000000100000000)
  eden space 270848K, 0% used [0x00000000e0000000,0x00000000e0000000,0x00000000f0880000)
  from space 16384K, 29% used [0x00000000f2b80000,0x00000000f30432d8,0x00000000f3b80000)
  to   space 26112K, 0% used [0x00000000f0880000,0x00000000f0880000,0x00000000f2200000)
 ParOldGen       total 114688K, used 63654K [0x00000000a0000000, 0x00000000a7000000, 0x00000000e0000000)
  object space 114688K, 55% used [0x00000000a0000000,0x00000000a3e29b80,0x00000000a7000000)
 Metaspace       used 63947K, capacity 67008K, committed 67160K, reserved 1107968K
  class space    used 8536K, capacity 9340K, committed 9344K, reserved 1048576K
}
Event: 148.585 GC heap before
{Heap before GC invocations=20 (full 3):
 PSYoungGen      total 287232K, used 275724K [0x00000000e0000000, 0x00000000f3b80000, 0x0000000100000000)
  eden space 270848K, 100% used [0x00000000e0000000,0x00000000f0880000,0x00000000f0880000)
  from space 16384K, 29% used [0x00000000f2b80000,0x00000000f30432d8,0x00000000f3b80000)
  to   space 26112K, 0% used [0x00000000f0880000,0x00000000f0880000,0x00000000f2200000)
 ParOldGen       total 114688K, used 63654K [0x00000000a0000000, 0x00000000a7000000, 0x00000000e0000000)
  object space 114688K, 55% used [0x00000000a0000000,0x00000000a3e29b80,0x00000000a7000000)
 Metaspace       used 64857K, capacity 68246K, committed 68440K, reserved 1107968K
  class space    used 8609K, capacity 9481K, committed 9600K, reserved 1048576K
Event: 148.608 GC heap after
Heap after GC invocations=20 (full 3):
 PSYoungGen      total 296960K, used 11408K [0x00000000e0000000, 0x00000000f5e80000, 0x0000000100000000)
  eden space 270848K, 0% used [0x00000000e0000000,0x00000000e0000000,0x00000000f0880000)
  from space 26112K, 43% used [0x00000000f0880000,0x00000000f13a4070,0x00000000f2200000)
  to   space 25088K, 0% used [0x00000000f4600000,0x00000000f4600000,0x00000000f5e80000)
 ParOldGen       total 114688K, used 63662K [0x00000000a0000000, 0x00000000a7000000, 0x00000000e0000000)
  object space 114688K, 55% used [0x00000000a0000000,0x00000000a3e2bb80,0x00000000a7000000)
 Metaspace       used 64857K, capacity 68246K, committed 68440K, reserved 1107968K
  class space    used 8609K, capacity 9481K, committed 9600K, reserved 1048576K
}
Event: 195.218 GC heap before
{Heap before GC invocations=21 (full 3):
 PSYoungGen      total 296960K, used 282256K [0x00000000e0000000, 0x00000000f5e80000, 0x0000000100000000)
  eden space 270848K, 100% used [0x00000000e0000000,0x00000000f0880000,0x00000000f0880000)
  from space 26112K, 43% used [0x00000000f0880000,0x00000000f13a4070,0x00000000f2200000)
  to   space 25088K, 0% used [0x00000000f4600000,0x00000000f4600000,0x00000000f5e80000)
 ParOldGen       total 114688K, used 63662K [0x00000000a0000000, 0x00000000a7000000, 0x00000000e0000000)
  object space 114688K, 55% used [0x00000000a0000000,0x00000000a3e2bb80,0x00000000a7000000)
 Metaspace       used 68572K, capacity 72148K, committed 72280K, reserved 1112064K
  class space    used 8931K, capacity 9832K, committed 9856K, reserved 1048576K
Event: 195.243 GC heap after
Heap after GC invocations=21 (full 3):
 PSYoungGen      total 325632K, used 18731K [0x00000000e0000000, 0x00000000f5c80000, 0x0000000100000000)
  eden space 302592K, 0% used [0x00000000e0000000,0x00000000e0000000,0x00000000f2780000)
  from space 23040K, 81% used [0x00000000f4600000,0x00000000f584ad10,0x00000000f5c80000)
  to   space 27136K, 0% used [0x00000000f2780000,0x00000000f2780000,0x00000000f4200000)
 ParOldGen       total 114688K, used 63678K [0x00000000a0000000, 0x00000000a7000000, 0x00000000e0000000)
  object space 114688K, 55% used [0x00000000a0000000,0x00000000a3e2fb80,0x00000000a7000000)
 Metaspace       used 68572K, capacity 72148K, committed 72280K, reserved 1112064K
  class space    used 8931K, capacity 9832K, committed 9856K, reserved 1048576K
}
Event: 208.642 GC heap before
{Heap before GC invocations=22 (full 3):
 PSYoungGen      total 325632K, used 321323K [0x00000000e0000000, 0x00000000f5c80000, 0x0000000100000000)
  eden space 302592K, 100% used [0x00000000e0000000,0x00000000f2780000,0x00000000f2780000)
  from space 23040K, 81% used [0x00000000f4600000,0x00000000f584ad10,0x00000000f5c80000)
  to   space 27136K, 0% used [0x00000000f2780000,0x00000000f2780000,0x00000000f4200000)
 ParOldGen       total 114688K, used 63678K [0x00000000a0000000, 0x00000000a7000000, 0x00000000e0000000)
  object space 114688K, 55% used [0x00000000a0000000,0x00000000a3e2fb80,0x00000000a7000000)
 Metaspace       used 69694K, capacity 73244K, committed 73432K, reserved 1112064K
  class space    used 9079K, capacity 9960K, committed 9984K, reserved 1048576K
Event: 208.841 GC heap after
Heap after GC invocations=22 (full 3):
 PSYoungGen      total 329728K, used 27120K [0x00000000e0000000, 0x00000000fcd00000, 0x0000000100000000)
  eden space 302592K, 0% used [0x00000000e0000000,0x00000000e0000000,0x00000000f2780000)
  from space 27136K, 99% used [0x00000000f2780000,0x00000000f41fc148,0x00000000f4200000)
  to   space 63488K, 0% used [0x00000000f8f00000,0x00000000f8f00000,0x00000000fcd00000)
 ParOldGen       total 150528K, used 150402K [0x00000000a0000000, 0x00000000a9300000, 0x00000000e0000000)
  object space 150528K, 99% used [0x00000000a0000000,0x00000000a92e0a70,0x00000000a9300000)
 Metaspace       used 69694K, capacity 73244K, committed 73432K, reserved 1112064K
  class space    used 9079K, capacity 9960K, committed 9984K, reserved 1048576K
}
Event: 208.842 GC heap before
{Heap before GC invocations=23 (full 4):
 PSYoungGen      total 329728K, used 27120K [0x00000000e0000000, 0x00000000fcd00000, 0x0000000100000000)
  eden space 302592K, 0% used [0x00000000e0000000,0x00000000e0000000,0x00000000f2780000)
  from space 27136K, 99% used [0x00000000f2780000,0x00000000f41fc148,0x00000000f4200000)
  to   space 63488K, 0% used [0x00000000f8f00000,0x00000000f8f00000,0x00000000fcd00000)
 ParOldGen       total 150528K, used 150402K [0x00000000a0000000, 0x00000000a9300000, 0x00000000e0000000)
  object space 150528K, 99% used [0x00000000a0000000,0x00000000a92e0a70,0x00000000a9300000)
 Metaspace       used 69694K, capacity 73244K, committed 73432K, reserved 1112064K
  class space    used 9079K, capacity 9960K, committed 9984K, reserved 1048576K

