# JRE version: OpenJDK Runtime Environment (8.0_152-b01) (build 1.8.0_152-release-915-b01)
# Java VM: OpenJDK 64-Bit Server VM (25.152-b01 mixed mode windows-amd64 compressed oops)
Heap:
 PSYoungGen      total 270336K, used 28748K [0x00000000e0000000, 0x00000000f5980000, 0x0000000100000000)
  eden space 241152K, 0% used [0x00000000e0000000,0x00000000e0000000,0x00000000eeb80000)
  from space 29184K, 98% used [0x00000000f0480000,0x00000000f20930e8,0x00000000f2100000)
  to   space 56320K, 0% used [0x00000000f2280000,0x00000000f2280000,0x00000000f5980000)
 ParOldGen       total 112128K, used 103663K [0x00000000a0000000, 0x00000000a6d80000, 0x00000000e0000000)
  object space 112128K, 92% used [0x00000000a0000000,0x00000000a653bc90,0x00000000a6d80000)
 Metaspace       used 69887K, capacity 74026K, committed 74112K, reserved 1114112K
  class space    used 9246K, capacity 10291K, committed 10368K, reserved 1048576K
GC Heap History (10 events):
Event: 227.218 GC heap after
Heap after GC invocations=22 (full 3):
 PSYoungGen      total 286208K, used 22809K [0x00000000e0000000, 0x00000000f5b00000, 0x0000000100000000)
  eden space 240640K, 0% used [0x00000000e0000000,0x00000000e0000000,0x00000000eeb00000)
  from space 45568K, 50% used [0x00000000eeb00000,0x00000000f0146740,0x00000000f1780000)
  to   space 44544K, 0% used [0x00000000f2f80000,0x00000000f2f80000,0x00000000f5b00000)
 ParOldGen       total 112128K, used 87549K [0x00000000a0000000, 0x00000000a6d80000, 0x00000000e0000000)
  object space 112128K, 78% used [0x00000000a0000000,0x00000000a557f718,0x00000000a6d80000)
 Metaspace       used 66102K, capacity 69584K, committed 69632K, reserved 1110016K
  class space    used 8747K, capacity 9686K, committed 9728K, reserved 1048576K
}
Event: 255.146 GC heap before
{Heap before GC invocations=23 (full 3):
 PSYoungGen      total 286208K, used 263449K [0x00000000e0000000, 0x00000000f5b00000, 0x0000000100000000)
  eden space 240640K, 100% used [0x00000000e0000000,0x00000000eeb00000,0x00000000eeb00000)
  from space 45568K, 50% used [0x00000000eeb00000,0x00000000f0146740,0x00000000f1780000)
  to   space 44544K, 0% used [0x00000000f2f80000,0x00000000f2f80000,0x00000000f5b00000)
 ParOldGen       total 112128K, used 87549K [0x00000000a0000000, 0x00000000a6d80000, 0x00000000e0000000)
  object space 112128K, 78% used [0x00000000a0000000,0x00000000a557f718,0x00000000a6d80000)
 Metaspace       used 66733K, capacity 70330K, committed 70528K, reserved 1110016K
  class space    used 8813K, capacity 9761K, committed 9856K, reserved 1048576K
Event: 255.177 GC heap after
Heap after GC invocations=23 (full 3):
 PSYoungGen      total 303616K, used 27552K [0x00000000e0000000, 0x00000000f5800000, 0x0000000100000000)
  eden space 262144K, 0% used [0x00000000e0000000,0x00000000e0000000,0x00000000f0000000)
  from space 41472K, 66% used [0x00000000f2f80000,0x00000000f4a680e8,0x00000000f5800000)
  to   space 45056K, 0% used [0x00000000f0000000,0x00000000f0000000,0x00000000f2c00000)
 ParOldGen       total 112128K, used 87557K [0x00000000a0000000, 0x00000000a6d80000, 0x00000000e0000000)
  object space 112128K, 78% used [0x00000000a0000000,0x00000000a5581718,0x00000000a6d80000)
 Metaspace       used 66733K, capacity 70330K, committed 70528K, reserved 1110016K
  class space    used 8813K, capacity 9761K, committed 9856K, reserved 1048576K
}
Event: 263.502 GC heap before
{Heap before GC invocations=24 (full 3):
 PSYoungGen      total 303616K, used 288247K [0x00000000e0000000, 0x00000000f5800000, 0x0000000100000000)
  eden space 262144K, 99% used [0x00000000e0000000,0x00000000efe95f10,0x00000000f0000000)
  from space 41472K, 66% used [0x00000000f2f80000,0x00000000f4a680e8,0x00000000f5800000)
  to   space 45056K, 0% used [0x00000000f0000000,0x00000000f0000000,0x00000000f2c00000)
 ParOldGen       total 112128K, used 87557K [0x00000000a0000000, 0x00000000a6d80000, 0x00000000e0000000)
  object space 112128K, 78% used [0x00000000a0000000,0x00000000a5581718,0x00000000a6d80000)
 Metaspace       used 68664K, capacity 72538K, committed 72832K, reserved 1112064K
  class space    used 9073K, capacity 10049K, committed 10112K, reserved 1048576K
Event: 263.532 GC heap after
Heap after GC invocations=24 (full 3):
 PSYoungGen      total 307200K, used 37337K [0x00000000e0000000, 0x00000000f7580000, 0x0000000100000000)
  eden space 262144K, 0% used [0x00000000e0000000,0x00000000e0000000,0x00000000f0000000)
  from space 45056K, 82% used [0x00000000f0000000,0x00000000f2476518,0x00000000f2c00000)
  to   space 49152K, 0% used [0x00000000f4580000,0x00000000f4580000,0x00000000f7580000)
 ParOldGen       total 112128K, used 87565K [0x00000000a0000000, 0x00000000a6d80000, 0x00000000e0000000)
  object space 112128K, 78% used [0x00000000a0000000,0x00000000a5583718,0x00000000a6d80000)
 Metaspace       used 68664K, capacity 72538K, committed 72832K, reserved 1112064K
  class space    used 9073K, capacity 10049K, committed 10112K, reserved 1048576K
}
Event: 488.129 GC heap before
{Heap before GC invocations=25 (full 3):
 PSYoungGen      total 307200K, used 299481K [0x00000000e0000000, 0x00000000f7580000, 0x0000000100000000)
  eden space 262144K, 100% used [0x00000000e0000000,0x00000000f0000000,0x00000000f0000000)
  from space 45056K, 82% used [0x00000000f0000000,0x00000000f2476518,0x00000000f2c00000)
  to   space 49152K, 0% used [0x00000000f4580000,0x00000000f4580000,0x00000000f7580000)
 ParOldGen       total 112128K, used 87565K [0x00000000a0000000, 0x00000000a6d80000, 0x00000000e0000000)
  object space 112128K, 78% used [0x00000000a0000000,0x00000000a5583718,0x00000000a6d80000)
 Metaspace       used 69685K, capacity 73780K, committed 73984K, reserved 1114112K
  class space    used 9224K, capacity 10240K, committed 10240K, reserved 1048576K
Event: 488.193 GC heap after
Heap after GC invocations=25 (full 3):
 PSYoungGen      total 300544K, used 49149K [0x00000000e0000000, 0x00000000f7580000, 0x0000000100000000)
  eden space 251392K, 0% used [0x00000000e0000000,0x00000000e0000000,0x00000000ef580000)
  from space 49152K, 99% used [0x00000000f4580000,0x00000000f757f4e8,0x00000000f7580000)
  to   space 57856K, 0% used [0x00000000f0480000,0x00000000f0480000,0x00000000f3d00000)
 ParOldGen       total 112128K, used 91179K [0x00000000a0000000, 0x00000000a6d80000, 0x00000000e0000000)
  object space 112128K, 81% used [0x00000000a0000000,0x00000000a590ad38,0x00000000a6d80000)
 Metaspace       used 69685K, capacity 73780K, committed 73984K, reserved 1114112K
  class space    used 9224K, capacity 10240K, committed 10240K, reserved 1048576K
}
Event: 592.599 GC heap before
{Heap before GC invocations=26 (full 3):
 PSYoungGen      total 300544K, used 300541K [0x00000000e0000000, 0x00000000f7580000, 0x0000000100000000)
  eden space 251392K, 100% used [0x00000000e0000000,0x00000000ef580000,0x00000000ef580000)
  from space 49152K, 99% used [0x00000000f4580000,0x00000000f757f4e8,0x00000000f7580000)
  to   space 57856K, 0% used [0x00000000f0480000,0x00000000f0480000,0x00000000f3d00000)
 ParOldGen       total 112128K, used 91179K [0x00000000a0000000, 0x00000000a6d80000, 0x00000000e0000000)
  object space 112128K, 81% used [0x00000000a0000000,0x00000000a590ad38,0x00000000a6d80000)
 Metaspace       used 69887K, capacity 74026K, committed 74112K, reserved 1114112K
  class space    used 9246K, capacity 10291K, committed 10368K, reserved 1048576K
Event: 592.651 GC heap after
Heap after GC invocations=26 (full 3):
 PSYoungGen      total 270336K, used 28748K [0x00000000e0000000, 0x00000000f5980000, 0x0000000100000000)
  eden space 241152K, 0% used [0x00000000e0000000,0x00000000e0000000,0x00000000eeb80000)
  from space 29184K, 98% used [0x00000000f0480000,0x00000000f20930e8,0x00000000f2100000)
  to   space 56320K, 0% used [0x00000000f2280000,0x00000000f2280000,0x00000000f5980000)
 ParOldGen       total 112128K, used 103663K [0x00000000a0000000, 0x00000000a6d80000, 0x00000000e0000000)
  object space 112128K, 92% used [0x00000000a0000000,0x00000000a653bc90,0x00000000a6d80000)
 Metaspace       used 69887K, capacity 74026K, committed 74112K, reserved 1114112K
  class space    used 9246K, capacity 10291K, committed 10368K, reserved 1048576K
}
Event: 592.652 GC heap before
{Heap before GC invocations=27 (full 4):
 PSYoungGen      total 270336K, used 28748K [0x00000000e0000000, 0x00000000f5980000, 0x0000000100000000)
  eden space 241152K, 0% used [0x00000000e0000000,0x00000000e0000000,0x00000000eeb80000)
  from space 29184K, 98% used [0x00000000f0480000,0x00000000f20930e8,0x00000000f2100000)
  to   space 56320K, 0% used [0x00000000f2280000,0x00000000f2280000,0x00000000f5980000)
 ParOldGen       total 112128K, used 103663K [0x00000000a0000000, 0x00000000a6d80000, 0x00000000e0000000)
  object space 112128K, 92% used [0x00000000a0000000,0x00000000a653bc90,0x00000000a6d80000)
 Metaspace       used 69887K, capacity 74026K, committed 74112K, reserved 1114112K
  class space    used 9246K, capacity 10291K, committed 10368K, reserved 1048576K

