# JRE version: OpenJDK Runtime Environment (8.0_152-b01) (build 1.8.0_152-release-915-b01)
# Java VM: OpenJDK 64-Bit Server VM (25.152-b01 mixed mode windows-amd64 compressed oops)
Heap:
 PSYoungGen      total 251904K, used 173719K [0x00000000e0000000, 0x00000000f2c80000, 0x0000000100000000)
  eden space 241152K, 67% used [0x00000000e0000000,0x00000000e9f334c8,0x00000000eeb80000)
  from space 10752K, 99% used [0x00000000ef400000,0x00000000efe72b08,0x00000000efe80000)
  to   space 33280K, 0% used [0x00000000f0c00000,0x00000000f0c00000,0x00000000f2c80000)
 ParOldGen       total 358912K, used 261616K [0x00000000a0000000, 0x00000000b5e80000, 0x00000000e0000000)
  object space 358912K, 72% used [0x00000000a0000000,0x00000000aff7c3d8,0x00000000b5e80000)
 Metaspace       used 94526K, capacity 104298K, committed 104448K, reserved 1138688K
  class space    used 11915K, capacity 14243K, committed 14336K, reserved 1048576K
GC Heap History (10 events):
Event: 11047.650 GC heap before
{Heap before GC invocations=108 (full 9):
 PSYoungGen      total 316416K, used 307727K [0x00000000e0000000, 0x00000000f6780000, 0x0000000100000000)
  eden space 288256K, 100% used [0x00000000e0000000,0x00000000f1980000,0x00000000f1980000)
  from space 28160K, 69% used [0x00000000f4c00000,0x00000000f5f03e98,0x00000000f6780000)
  to   space 39936K, 0% used [0x00000000f1980000,0x00000000f1980000,0x00000000f4080000)
 ParOldGen       total 358912K, used 261600K [0x00000000a0000000, 0x00000000b5e80000, 0x00000000e0000000)
  object space 358912K, 72% used [0x00000000a0000000,0x00000000aff783d8,0x00000000b5e80000)
 Metaspace       used 94335K, capacity 103978K, committed 104064K, reserved 1138688K
  class space    used 11890K, capacity 14161K, committed 14208K, reserved 1048576K
Event: 11047.704 GC heap after
Heap after GC invocations=108 (full 9):
 PSYoungGen      total 288768K, used 10346K [0x00000000e0000000, 0x00000000f5a80000, 0x0000000100000000)
  eden space 278016K, 0% used [0x00000000e0000000,0x00000000e0000000,0x00000000f0f80000)
  from space 10752K, 96% used [0x00000000f1980000,0x00000000f239ab08,0x00000000f2400000)
  to   space 38400K, 0% used [0x00000000f3500000,0x00000000f3500000,0x00000000f5a80000)
 ParOldGen       total 358912K, used 261608K [0x00000000a0000000, 0x00000000b5e80000, 0x00000000e0000000)
  object space 358912K, 72% used [0x00000000a0000000,0x00000000aff7a3d8,0x00000000b5e80000)
 Metaspace       used 94335K, capacity 103978K, committed 104064K, reserved 1138688K
  class space    used 11890K, capacity 14161K, committed 14208K, reserved 1048576K
}
Event: 11084.390 GC heap before
{Heap before GC invocations=109 (full 9):
 PSYoungGen      total 288768K, used 288323K [0x00000000e0000000, 0x00000000f5a80000, 0x0000000100000000)
  eden space 278016K, 99% used [0x00000000e0000000,0x00000000f0f76108,0x00000000f0f80000)
  from space 10752K, 96% used [0x00000000f1980000,0x00000000f239ab08,0x00000000f2400000)
  to   space 38400K, 0% used [0x00000000f3500000,0x00000000f3500000,0x00000000f5a80000)
 ParOldGen       total 358912K, used 261608K [0x00000000a0000000, 0x00000000b5e80000, 0x00000000e0000000)
  object space 358912K, 72% used [0x00000000a0000000,0x00000000aff7a3d8,0x00000000b5e80000)
 Metaspace       used 94339K, capacity 103978K, committed 104064K, reserved 1138688K
  class space    used 11891K, capacity 14161K, committed 14208K, reserved 1048576K
Event: 11084.448 GC heap after
Heap after GC invocations=109 (full 9):
 PSYoungGen      total 293888K, used 13328K [0x00000000e0000000, 0x00000000f4e00000, 0x0000000100000000)
  eden space 268288K, 0% used [0x00000000e0000000,0x00000000e0000000,0x00000000f0600000)
  from space 25600K, 52% used [0x00000000f3500000,0x00000000f4204050,0x00000000f4e00000)
  to   space 36864K, 0% used [0x00000000f0600000,0x00000000f0600000,0x00000000f2a00000)
 ParOldGen       total 358912K, used 261616K [0x00000000a0000000, 0x00000000b5e80000, 0x00000000e0000000)
  object space 358912K, 72% used [0x00000000a0000000,0x00000000aff7c3d8,0x00000000b5e80000)
 Metaspace       used 94339K, capacity 103978K, committed 104064K, reserved 1138688K
  class space    used 11891K, capacity 14161K, committed 14208K, reserved 1048576K
}
Event: 11707.322 GC heap before
{Heap before GC invocations=110 (full 9):
 PSYoungGen      total 293888K, used 281616K [0x00000000e0000000, 0x00000000f4e00000, 0x0000000100000000)
  eden space 268288K, 100% used [0x00000000e0000000,0x00000000f0600000,0x00000000f0600000)
  from space 25600K, 52% used [0x00000000f3500000,0x00000000f4204050,0x00000000f4e00000)
  to   space 36864K, 0% used [0x00000000f0600000,0x00000000f0600000,0x00000000f2a00000)
 ParOldGen       total 358912K, used 261616K [0x00000000a0000000, 0x00000000b5e80000, 0x00000000e0000000)
  object space 358912K, 72% used [0x00000000a0000000,0x00000000aff7c3d8,0x00000000b5e80000)
 Metaspace       used 94401K, capacity 104098K, committed 104320K, reserved 1138688K
  class space    used 11903K, capacity 14201K, committed 14208K, reserved 1048576K
Event: 11707.336 GC heap after
Heap after GC invocations=110 (full 9):
 PSYoungGen      total 265728K, used 6527K [0x00000000e0000000, 0x00000000f4400000, 0x0000000100000000)
  eden space 259072K, 0% used [0x00000000e0000000,0x00000000e0000000,0x00000000efd00000)
  from space 6656K, 98% used [0x00000000f0600000,0x00000000f0c5fc28,0x00000000f0c80000)
  to   space 36352K, 0% used [0x00000000f2080000,0x00000000f2080000,0x00000000f4400000)
 ParOldGen       total 358912K, used 261616K [0x00000000a0000000, 0x00000000b5e80000, 0x00000000e0000000)
  object space 358912K, 72% used [0x00000000a0000000,0x00000000aff7c3d8,0x00000000b5e80000)
 Metaspace       used 94401K, capacity 104098K, committed 104320K, reserved 1138688K
  class space    used 11903K, capacity 14201K, committed 14208K, reserved 1048576K
}
Event: 11717.455 GC heap before
{Heap before GC invocations=111 (full 9):
 PSYoungGen      total 265728K, used 265599K [0x00000000e0000000, 0x00000000f4400000, 0x0000000100000000)
  eden space 259072K, 100% used [0x00000000e0000000,0x00000000efd00000,0x00000000efd00000)
  from space 6656K, 98% used [0x00000000f0600000,0x00000000f0c5fc28,0x00000000f0c80000)
  to   space 36352K, 0% used [0x00000000f2080000,0x00000000f2080000,0x00000000f4400000)
 ParOldGen       total 358912K, used 261616K [0x00000000a0000000, 0x00000000b5e80000, 0x00000000e0000000)
  object space 358912K, 72% used [0x00000000a0000000,0x00000000aff7c3d8,0x00000000b5e80000)
 Metaspace       used 94425K, capacity 104098K, committed 104320K, reserved 1138688K
  class space    used 11903K, capacity 14201K, committed 14208K, reserved 1048576K
Event: 11717.474 GC heap after
Heap after GC invocations=111 (full 9):
 PSYoungGen      total 272896K, used 11712K [0x00000000e0000000, 0x00000000f3700000, 0x0000000100000000)
  eden space 249856K, 0% used [0x00000000e0000000,0x00000000e0000000,0x00000000ef400000)
  from space 23040K, 50% used [0x00000000f2080000,0x00000000f2bf0050,0x00000000f3700000)
  to   space 34304K, 0% used [0x00000000ef400000,0x00000000ef400000,0x00000000f1580000)
 ParOldGen       total 358912K, used 261616K [0x00000000a0000000, 0x00000000b5e80000, 0x00000000e0000000)
  object space 358912K, 72% used [0x00000000a0000000,0x00000000aff7c3d8,0x00000000b5e80000)
 Metaspace       used 94425K, capacity 104098K, committed 104320K, reserved 1138688K
  class space    used 11903K, capacity 14201K, committed 14208K, reserved 1048576K
}
Event: 11813.247 GC heap before
{Heap before GC invocations=112 (full 9):
 PSYoungGen      total 272896K, used 261568K [0x00000000e0000000, 0x00000000f3700000, 0x0000000100000000)
  eden space 249856K, 100% used [0x00000000e0000000,0x00000000ef400000,0x00000000ef400000)
  from space 23040K, 50% used [0x00000000f2080000,0x00000000f2bf0050,0x00000000f3700000)
  to   space 34304K, 0% used [0x00000000ef400000,0x00000000ef400000,0x00000000f1580000)
 ParOldGen       total 358912K, used 261616K [0x00000000a0000000, 0x00000000b5e80000, 0x00000000e0000000)
  object space 358912K, 72% used [0x00000000a0000000,0x00000000aff7c3d8,0x00000000b5e80000)
 Metaspace       used 94495K, capacity 104218K, committed 104448K, reserved 1138688K
  class space    used 11914K, capacity 14241K, committed 14336K, reserved 1048576K
Event: 11813.268 GC heap after
Heap after GC invocations=112 (full 9):
 PSYoungGen      total 251904K, used 10698K [0x00000000e0000000, 0x00000000f2c80000, 0x0000000100000000)
  eden space 241152K, 0% used [0x00000000e0000000,0x00000000e0000000,0x00000000eeb80000)
  from space 10752K, 99% used [0x00000000ef400000,0x00000000efe72b08,0x00000000efe80000)
  to   space 33280K, 0% used [0x00000000f0c00000,0x00000000f0c00000,0x00000000f2c80000)
 ParOldGen       total 358912K, used 261616K [0x00000000a0000000, 0x00000000b5e80000, 0x00000000e0000000)
  object space 358912K, 72% used [0x00000000a0000000,0x00000000aff7c3d8,0x00000000b5e80000)
 Metaspace       used 94495K, capacity 104218K, committed 104448K, reserved 1138688K
  class space    used 11914K, capacity 14241K, committed 14336K, reserved 1048576K
}

