# JRE version: OpenJDK Runtime Environment (8.0_152-b01) (build 1.8.0_152-release-915-b01)
# Java VM: OpenJDK 64-Bit Server VM (25.152-b01 mixed mode windows-amd64 compressed oops)
Heap:
 PSYoungGen      total 418816K, used 3714K [0x00000000e0000000, 0x00000000ff900000, 0x0000000100000000)
  eden space 329728K, 0% used [0x00000000e0000000,0x00000000e02ea968,0x00000000f4200000)
  from space 89088K, 0% used [0x00000000f4200000,0x00000000f42b6148,0x00000000f9900000)
  to   space 86528K, 0% used [0x00000000fa480000,0x00000000fa480000,0x00000000ff900000)
 ParOldGen       total 249856K, used 149041K [0x00000000a0000000, 0x00000000af400000, 0x00000000e0000000)
  object space 249856K, 59% used [0x00000000a0000000,0x00000000a918c5a8,0x00000000af400000)
 Metaspace       used 84320K, capacity 89115K, committed 89216K, reserved 1126400K
  class space    used 10615K, capacity 11805K, committed 11904K, reserved 1048576K
GC Heap History (10 events):
Event: 6807.029 GC heap before
{Heap before GC invocations=71 (full 8):
 PSYoungGen      total 420864K, used 366697K [0x00000000e0000000, 0x0000000100000000, 0x0000000100000000)
  eden space 317440K, 100% used [0x00000000e0000000,0x00000000f3600000,0x00000000f3600000)
  from space 103424K, 47% used [0x00000000f9b00000,0x00000000fcb1a768,0x0000000100000000)
  to   space 103424K, 0% used [0x00000000f3600000,0x00000000f3600000,0x00000000f9b00000)
 ParOldGen       total 249856K, used 133480K [0x00000000a0000000, 0x00000000af400000, 0x00000000e0000000)
  object space 249856K, 53% used [0x00000000a0000000,0x00000000a825a328,0x00000000af400000)
 Metaspace       used 83960K, capacity 88777K, committed 88960K, reserved 1126400K
  class space    used 10583K, capacity 11781K, committed 11904K, reserved 1048576K
Event: 6807.083 GC heap after
Heap after GC invocations=71 (full 8):
 PSYoungGen      total 319488K, used 1721K [0x00000000e0000000, 0x00000000ffc00000, 0x0000000100000000)
  eden space 317440K, 0% used [0x00000000e0000000,0x00000000e0000000,0x00000000f3600000)
  from space 2048K, 84% used [0x00000000f3600000,0x00000000f37ae4d0,0x00000000f3800000)
  to   space 101376K, 0% used [0x00000000f9900000,0x00000000f9900000,0x00000000ffc00000)
 ParOldGen       total 249856K, used 140799K [0x00000000a0000000, 0x00000000af400000, 0x00000000e0000000)
  object space 249856K, 56% used [0x00000000a0000000,0x00000000a897feb0,0x00000000af400000)
 Metaspace       used 83960K, capacity 88777K, committed 88960K, reserved 1126400K
  class space    used 10583K, capacity 11781K, committed 11904K, reserved 1048576K
}
Event: 6811.379 GC heap before
{Heap before GC invocations=72 (full 8):
 PSYoungGen      total 319488K, used 318739K [0x00000000e0000000, 0x00000000ffc00000, 0x0000000100000000)
  eden space 317440K, 99% used [0x00000000e0000000,0x00000000f3596920,0x00000000f3600000)
  from space 2048K, 84% used [0x00000000f3600000,0x00000000f37ae4d0,0x00000000f3800000)
  to   space 101376K, 0% used [0x00000000f9900000,0x00000000f9900000,0x00000000ffc00000)
 ParOldGen       total 249856K, used 140799K [0x00000000a0000000, 0x00000000af400000, 0x00000000e0000000)
  object space 249856K, 56% used [0x00000000a0000000,0x00000000a897feb0,0x00000000af400000)
 Metaspace       used 84000K, capacity 88799K, committed 88960K, reserved 1126400K
  class space    used 10586K, capacity 11786K, committed 11904K, reserved 1048576K
Event: 6811.390 GC heap after
Heap after GC invocations=72 (full 8):
 PSYoungGen      total 424960K, used 22709K [0x00000000e0000000, 0x0000000100000000, 0x0000000100000000)
  eden space 323584K, 0% used [0x00000000e0000000,0x00000000e0000000,0x00000000f3c00000)
  from space 101376K, 22% used [0x00000000f9900000,0x00000000faf2d5b0,0x00000000ffc00000)
  to   space 95232K, 0% used [0x00000000f3c00000,0x00000000f3c00000,0x00000000f9900000)
 ParOldGen       total 249856K, used 141119K [0x00000000a0000000, 0x00000000af400000, 0x00000000e0000000)
  object space 249856K, 56% used [0x00000000a0000000,0x00000000a89cfef0,0x00000000af400000)
 Metaspace       used 84000K, capacity 88799K, committed 88960K, reserved 1126400K
  class space    used 10586K, capacity 11786K, committed 11904K, reserved 1048576K
}
Event: 6853.903 GC heap before
{Heap before GC invocations=73 (full 8):
 PSYoungGen      total 424960K, used 346037K [0x00000000e0000000, 0x0000000100000000, 0x0000000100000000)
  eden space 323584K, 99% used [0x00000000e0000000,0x00000000f3bc01b8,0x00000000f3c00000)
  from space 101376K, 22% used [0x00000000f9900000,0x00000000faf2d5b0,0x00000000ffc00000)
  to   space 95232K, 0% used [0x00000000f3c00000,0x00000000f3c00000,0x00000000f9900000)
 ParOldGen       total 249856K, used 141119K [0x00000000a0000000, 0x00000000af400000, 0x00000000e0000000)
  object space 249856K, 56% used [0x00000000a0000000,0x00000000a89cfef0,0x00000000af400000)
 Metaspace       used 84113K, capacity 88907K, committed 89216K, reserved 1126400K
  class space    used 10591K, capacity 11792K, committed 11904K, reserved 1048576K
Event: 6853.913 GC heap after
Heap after GC invocations=73 (full 8):
 PSYoungGen      total 418816K, used 11677K [0x00000000e0000000, 0x00000000ff200000, 0x0000000100000000)
  eden space 323584K, 0% used [0x00000000e0000000,0x00000000e0000000,0x00000000f3c00000)
  from space 95232K, 12% used [0x00000000f3c00000,0x00000000f4767540,0x00000000f9900000)
  to   space 91136K, 0% used [0x00000000f9900000,0x00000000f9900000,0x00000000ff200000)
 ParOldGen       total 249856K, used 141343K [0x00000000a0000000, 0x00000000af400000, 0x00000000e0000000)
  object space 249856K, 56% used [0x00000000a0000000,0x00000000a8a07f50,0x00000000af400000)
 Metaspace       used 84113K, capacity 88907K, committed 89216K, reserved 1126400K
  class space    used 10591K, capacity 11792K, committed 11904K, reserved 1048576K
}
Event: 6853.993 GC heap before
{Heap before GC invocations=74 (full 8):
 PSYoungGen      total 418816K, used 334956K [0x00000000e0000000, 0x00000000ff200000, 0x0000000100000000)
  eden space 323584K, 99% used [0x00000000e0000000,0x00000000f3bb3dd0,0x00000000f3c00000)
  from space 95232K, 12% used [0x00000000f3c00000,0x00000000f4767540,0x00000000f9900000)
  to   space 91136K, 0% used [0x00000000f9900000,0x00000000f9900000,0x00000000ff200000)
 ParOldGen       total 249856K, used 141343K [0x00000000a0000000, 0x00000000af400000, 0x00000000e0000000)
  object space 249856K, 56% used [0x00000000a0000000,0x00000000a8a07f50,0x00000000af400000)
 Metaspace       used 84113K, capacity 88907K, committed 89216K, reserved 1126400K
  class space    used 10591K, capacity 11792K, committed 11904K, reserved 1048576K
Event: 6854.035 GC heap after
Heap after GC invocations=74 (full 8):
 PSYoungGen      total 420864K, used 128K [0x00000000e0000000, 0x00000000ff800000, 0x0000000100000000)
  eden space 329728K, 0% used [0x00000000e0000000,0x00000000e0000000,0x00000000f4200000)
  from space 91136K, 0% used [0x00000000f9900000,0x00000000f9920000,0x00000000ff200000)
  to   space 89088K, 0% used [0x00000000f4200000,0x00000000f4200000,0x00000000f9900000)
 ParOldGen       total 249856K, used 149001K [0x00000000a0000000, 0x00000000af400000, 0x00000000e0000000)
  object space 249856K, 59% used [0x00000000a0000000,0x00000000a91825a8,0x00000000af400000)
 Metaspace       used 84113K, capacity 88907K, committed 89216K, reserved 1126400K
  class space    used 10591K, capacity 11792K, committed 11904K, reserved 1048576K
}
Event: 8009.489 GC heap before
{Heap before GC invocations=75 (full 8):
 PSYoungGen      total 420864K, used 329856K [0x00000000e0000000, 0x00000000ff800000, 0x0000000100000000)
  eden space 329728K, 100% used [0x00000000e0000000,0x00000000f4200000,0x00000000f4200000)
  from space 91136K, 0% used [0x00000000f9900000,0x00000000f9920000,0x00000000ff200000)
  to   space 89088K, 0% used [0x00000000f4200000,0x00000000f4200000,0x00000000f9900000)
 ParOldGen       total 249856K, used 149001K [0x00000000a0000000, 0x00000000af400000, 0x00000000e0000000)
  object space 249856K, 59% used [0x00000000a0000000,0x00000000a91825a8,0x00000000af400000)
 Metaspace       used 84311K, capacity 89109K, committed 89216K, reserved 1126400K
  class space    used 10613K, capacity 11803K, committed 11904K, reserved 1048576K
Event: 8009.563 GC heap after
Heap after GC invocations=75 (full 8):
 PSYoungGen      total 418816K, used 728K [0x00000000e0000000, 0x00000000ff900000, 0x0000000100000000)
  eden space 329728K, 0% used [0x00000000e0000000,0x00000000e0000000,0x00000000f4200000)
  from space 89088K, 0% used [0x00000000f4200000,0x00000000f42b6148,0x00000000f9900000)
  to   space 86528K, 0% used [0x00000000fa480000,0x00000000fa480000,0x00000000ff900000)
 ParOldGen       total 249856K, used 149041K [0x00000000a0000000, 0x00000000af400000, 0x00000000e0000000)
  object space 249856K, 59% used [0x00000000a0000000,0x00000000a918c5a8,0x00000000af400000)
 Metaspace       used 84311K, capacity 89109K, committed 89216K, reserved 1126400K
  class space    used 10613K, capacity 11803K, committed 11904K, reserved 1048576K
}

