# JRE version: OpenJDK Runtime Environment (8.0_152-b01) (build 1.8.0_152-release-915-b01)
# Java VM: OpenJDK 64-Bit Server VM (25.152-b01 mixed mode windows-amd64 compressed oops)
Heap:
 PSYoungGen      total 249344K, used 18541K [0x00000000e0000000, 0x00000000f4a00000, 0x0000000100000000)
  eden space 200192K, 0% used [0x00000000e0000000,0x00000000e0000000,0x00000000ec380000)
  from space 49152K, 37% used [0x00000000ec380000,0x00000000ed59b688,0x00000000ef380000)
  to   space 47104K, 0% used [0x00000000f1c00000,0x00000000f1c00000,0x00000000f4a00000)
 ParOldGen       total 122368K, used 106960K [0x00000000a0000000, 0x00000000a7780000, 0x00000000e0000000)
  object space 122368K, 87% used [0x00000000a0000000,0x00000000a6874138,0x00000000a7780000)
 Metaspace       used 85241K, capacity 91274K, committed 91520K, reserved 1128448K
  class space    used 10805K, capacity 12295K, committed 12416K, reserved 1048576K
GC Heap History (10 events):
Event: 8828.357 GC heap after
Heap after GC invocations=26 (full 3):
 PSYoungGen      total 207872K, used 45547K [0x00000000e0000000, 0x00000000f0580000, 0x0000000100000000)
  eden space 162304K, 0% used [0x00000000e0000000,0x00000000e0000000,0x00000000e9e80000)
  from space 45568K, 99% used [0x00000000ea480000,0x00000000ed0faec8,0x00000000ed100000)
  to   space 52736K, 0% used [0x00000000ed200000,0x00000000ed200000,0x00000000f0580000)
 ParOldGen       total 122368K, used 67540K [0x00000000a0000000, 0x00000000a7780000, 0x00000000e0000000)
  object space 122368K, 55% used [0x00000000a0000000,0x00000000a41f5228,0x00000000a7780000)
 Metaspace       used 80699K, capacity 86384K, committed 86656K, reserved 1124352K
  class space    used 10382K, capacity 11794K, committed 11904K, reserved 1048576K
}
Event: 8828.389 GC heap before
{Heap before GC invocations=27 (full 3):
 PSYoungGen      total 207872K, used 207228K [0x00000000e0000000, 0x00000000f0580000, 0x0000000100000000)
  eden space 162304K, 99% used [0x00000000e0000000,0x00000000e9de41d8,0x00000000e9e80000)
  from space 45568K, 99% used [0x00000000ea480000,0x00000000ed0faec8,0x00000000ed100000)
  to   space 52736K, 0% used [0x00000000ed200000,0x00000000ed200000,0x00000000f0580000)
 ParOldGen       total 122368K, used 67540K [0x00000000a0000000, 0x00000000a7780000, 0x00000000e0000000)
  object space 122368K, 55% used [0x00000000a0000000,0x00000000a41f5228,0x00000000a7780000)
 Metaspace       used 80703K, capacity 86384K, committed 86656K, reserved 1124352K
  class space    used 10382K, capacity 11794K, committed 11904K, reserved 1048576K
Event: 8828.426 GC heap after
Heap after GC invocations=27 (full 3):
 PSYoungGen      total 215040K, used 31629K [0x00000000e0000000, 0x00000000f3b80000, 0x0000000100000000)
  eden space 162304K, 0% used [0x00000000e0000000,0x00000000e0000000,0x00000000e9e80000)
  from space 52736K, 59% used [0x00000000ed200000,0x00000000ef0e3420,0x00000000f0580000)
  to   space 52736K, 0% used [0x00000000e9e80000,0x00000000e9e80000,0x00000000ed200000)
 ParOldGen       total 122368K, used 81525K [0x00000000a0000000, 0x00000000a7780000, 0x00000000e0000000)
  object space 122368K, 66% used [0x00000000a0000000,0x00000000a4f9d548,0x00000000a7780000)
 Metaspace       used 80703K, capacity 86384K, committed 86656K, reserved 1124352K
  class space    used 10382K, capacity 11794K, committed 11904K, reserved 1048576K
}
Event: 8830.361 GC heap before
{Heap before GC invocations=28 (full 3):
 PSYoungGen      total 215040K, used 193933K [0x00000000e0000000, 0x00000000f3b80000, 0x0000000100000000)
  eden space 162304K, 100% used [0x00000000e0000000,0x00000000e9e80000,0x00000000e9e80000)
  from space 52736K, 59% used [0x00000000ed200000,0x00000000ef0e3420,0x00000000f0580000)
  to   space 52736K, 0% used [0x00000000e9e80000,0x00000000e9e80000,0x00000000ed200000)
 ParOldGen       total 122368K, used 81525K [0x00000000a0000000, 0x00000000a7780000, 0x00000000e0000000)
  object space 122368K, 66% used [0x00000000a0000000,0x00000000a4f9d548,0x00000000a7780000)
 Metaspace       used 81180K, capacity 86958K, committed 87168K, reserved 1124352K
  class space    used 10464K, capacity 11875K, committed 11904K, reserved 1048576K
Event: 8830.385 GC heap after
Heap after GC invocations=28 (full 3):
 PSYoungGen      total 215040K, used 24346K [0x00000000e0000000, 0x00000000f2780000, 0x0000000100000000)
  eden space 162304K, 0% used [0x00000000e0000000,0x00000000e0000000,0x00000000e9e80000)
  from space 52736K, 46% used [0x00000000e9e80000,0x00000000eb646938,0x00000000ed200000)
  to   space 50176K, 0% used [0x00000000ef680000,0x00000000ef680000,0x00000000f2780000)
 ParOldGen       total 122368K, used 85279K [0x00000000a0000000, 0x00000000a7780000, 0x00000000e0000000)
  object space 122368K, 69% used [0x00000000a0000000,0x00000000a5347c48,0x00000000a7780000)
 Metaspace       used 81180K, capacity 86958K, committed 87168K, reserved 1124352K
  class space    used 10464K, capacity 11875K, committed 11904K, reserved 1048576K
}
Event: 8834.655 GC heap before
{Heap before GC invocations=29 (full 3):
 PSYoungGen      total 215040K, used 186650K [0x00000000e0000000, 0x00000000f2780000, 0x0000000100000000)
  eden space 162304K, 100% used [0x00000000e0000000,0x00000000e9e80000,0x00000000e9e80000)
  from space 52736K, 46% used [0x00000000e9e80000,0x00000000eb646938,0x00000000ed200000)
  to   space 50176K, 0% used [0x00000000ef680000,0x00000000ef680000,0x00000000f2780000)
 ParOldGen       total 122368K, used 85279K [0x00000000a0000000, 0x00000000a7780000, 0x00000000e0000000)
  object space 122368K, 69% used [0x00000000a0000000,0x00000000a5347c48,0x00000000a7780000)
 Metaspace       used 82053K, capacity 88018K, committed 88320K, reserved 1126400K
  class space    used 10550K, capacity 12011K, committed 12032K, reserved 1048576K
Event: 8834.692 GC heap after
Heap after GC invocations=29 (full 3):
 PSYoungGen      total 246272K, used 16384K [0x00000000e0000000, 0x00000000f2380000, 0x0000000100000000)
  eden space 200192K, 0% used [0x00000000e0000000,0x00000000e0000000,0x00000000ec380000)
  from space 46080K, 35% used [0x00000000ef680000,0x00000000f0680310,0x00000000f2380000)
  to   space 49152K, 0% used [0x00000000ec380000,0x00000000ec380000,0x00000000ef380000)
 ParOldGen       total 122368K, used 93366K [0x00000000a0000000, 0x00000000a7780000, 0x00000000e0000000)
  object space 122368K, 76% used [0x00000000a0000000,0x00000000a5b2da98,0x00000000a7780000)
 Metaspace       used 82053K, capacity 88018K, committed 88320K, reserved 1126400K
  class space    used 10550K, capacity 12011K, committed 12032K, reserved 1048576K
}
Event: 8841.414 GC heap before
{Heap before GC invocations=30 (full 3):
 PSYoungGen      total 246272K, used 216576K [0x00000000e0000000, 0x00000000f2380000, 0x0000000100000000)
  eden space 200192K, 100% used [0x00000000e0000000,0x00000000ec380000,0x00000000ec380000)
  from space 46080K, 35% used [0x00000000ef680000,0x00000000f0680310,0x00000000f2380000)
  to   space 49152K, 0% used [0x00000000ec380000,0x00000000ec380000,0x00000000ef380000)
 ParOldGen       total 122368K, used 93366K [0x00000000a0000000, 0x00000000a7780000, 0x00000000e0000000)
  object space 122368K, 76% used [0x00000000a0000000,0x00000000a5b2da98,0x00000000a7780000)
 Metaspace       used 85241K, capacity 91274K, committed 91520K, reserved 1128448K
  class space    used 10805K, capacity 12295K, committed 12416K, reserved 1048576K
Event: 8841.463 GC heap after
Heap after GC invocations=30 (full 3):
 PSYoungGen      total 249344K, used 18541K [0x00000000e0000000, 0x00000000f4a00000, 0x0000000100000000)
  eden space 200192K, 0% used [0x00000000e0000000,0x00000000e0000000,0x00000000ec380000)
  from space 49152K, 37% used [0x00000000ec380000,0x00000000ed59b688,0x00000000ef380000)
  to   space 47104K, 0% used [0x00000000f1c00000,0x00000000f1c00000,0x00000000f4a00000)
 ParOldGen       total 122368K, used 106960K [0x00000000a0000000, 0x00000000a7780000, 0x00000000e0000000)
  object space 122368K, 87% used [0x00000000a0000000,0x00000000a6874138,0x00000000a7780000)
 Metaspace       used 85241K, capacity 91274K, committed 91520K, reserved 1128448K
  class space    used 10805K, capacity 12295K, committed 12416K, reserved 1048576K
}
Event: 8841.463 GC heap before
{Heap before GC invocations=31 (full 4):
 PSYoungGen      total 249344K, used 18541K [0x00000000e0000000, 0x00000000f4a00000, 0x0000000100000000)
  eden space 200192K, 0% used [0x00000000e0000000,0x00000000e0000000,0x00000000ec380000)
  from space 49152K, 37% used [0x00000000ec380000,0x00000000ed59b688,0x00000000ef380000)
  to   space 47104K, 0% used [0x00000000f1c00000,0x00000000f1c00000,0x00000000f4a00000)
 ParOldGen       total 122368K, used 106960K [0x00000000a0000000, 0x00000000a7780000, 0x00000000e0000000)
  object space 122368K, 87% used [0x00000000a0000000,0x00000000a6874138,0x00000000a7780000)
 Metaspace       used 85241K, capacity 91274K, committed 91520K, reserved 1128448K
  class space    used 10805K, capacity 12295K, committed 12416K, reserved 1048576K

